This is pdfTeX, Version 3.14159265-2.6-1.40.20 (MiKTeX 2.9.7200 64-bit) (preloaded format=pdflatex 2019.11.20)  20 NOV 2019 13:27
entering extended mode
**./characteristic.tex
(characteristic.tex
LaTeX2e <2019-10-01> patch level 1
! Undefined control sequence.
l.2 {\actuality
               } –í~—Å–∞–º—ã—Ö —Ä–∞–∑–Ω–æ–æ–±—Ä–∞–∑–Ω—ã—Ö –∏ –ø–æ—Ä–æ–π –Ω–µ...
The control sequence at the end of the top line
of your error message was never \def'ed. If you have
misspelled it (e.g., `\hobx'), type `I' and the correct
spelling (e.g., `I\hbox'). Otherwise just continue,
and I'll forget about whatever was undefined.


! Package inputenc Error: Unicode character –í (U+0412)
(inputenc)                not set up for use with LaTeX.

See the inputenc package documentation for explanation.
Type  H <return>  for immediate help.
 ...                                              
                                                  
l.2 {\actuality} –í
                   ~—Å–∞–º—ã—Ö —Ä–∞–∑–Ω–æ–æ–±—Ä–∞–∑–Ω—ã—Ö –∏ –ø–æ—Ä–æ–π –Ω–µ...

You may provide a definition with
\DeclareUnicodeCharacter 


! LaTeX Error: Missing \begin{document}.

See the LaTeX manual or LaTeX Companion for explanation.
Type  H <return>  for immediate help.
 ...                                              
                                                  
l.2 {\actuality} –í~
                    —Å–∞–º—ã—Ö —Ä–∞–∑–Ω–æ–æ–±—Ä–∞–∑–Ω—ã—Ö –∏ –ø–æ—Ä–æ–π –Ω–µ...

You're in trouble here.  Try typing  <return>  to proceed.
If that doesn't work, type  X <return>  to quit.


! Package inputenc Error: Unicode character —Å (U+0441)
(inputenc)                not set up for use with LaTeX.

See the inputenc package documentation for explanation.
Type  H <return>  for immediate help.
 ...                                              
                                                  
l.2 {\actuality} –í~—Å
                      –∞–º—ã—Ö —Ä–∞–∑–Ω–æ–æ–±—Ä–∞–∑–Ω—ã—Ö –∏ –ø–æ—Ä–æ–π –Ω–µ...

You may provide a definition with
\DeclareUnicodeCharacter 


! Package inputenc Error: Unicode character –∞ (U+0430)
(inputenc)                not set up for use with LaTeX.

See the inputenc package documentation for explanation.
Type  H <return>  for immediate help.
 ...                                              
                                                  
l.2 {\actuality} –í~—Å–∞
                        –º—ã—Ö —Ä–∞–∑–Ω–æ–æ–±—Ä–∞–∑–Ω—ã—Ö –∏ –ø–æ—Ä–æ–π –Ω–µ...

You may provide a definition with
\DeclareUnicodeCharacter 


! Package inputenc Error: Unicode character –º (U+043C)
(inputenc)                not set up for use with LaTeX.

See the inputenc package documentation for explanation.
Type  H <return>  for immediate help.
 ...                                              
                                                  
l.2 {\actuality} –í~—Å–∞–º
                          —ã—Ö —Ä–∞–∑–Ω–æ–æ–±—Ä–∞–∑–Ω—ã—Ö –∏ –ø–æ—Ä–æ–π –Ω–µ...

You may provide a definition with
\DeclareUnicodeCharacter 


! Package inputenc Error: Unicode character —ã (U+044B)
(inputenc)                not set up for use with LaTeX.

See the inputenc package documentation for explanation.
Type  H <return>  for immediate help.
 ...                                              
                                                  
l.2 {\actuality} –í~—Å–∞–º—ã
                            —Ö —Ä–∞–∑–Ω–æ–æ–±—Ä–∞–∑–Ω—ã—Ö –∏ –ø–æ—Ä–æ–π –Ω–µ...

You may provide a definition with
\DeclareUnicodeCharacter 


! Package inputenc Error: Unicode character —Ö (U+0445)
(inputenc)                not set up for use with LaTeX.

See the inputenc package documentation for explanation.
Type  H <return>  for immediate help.
 ...                                              
                                                  
l.2 {\actuality} –í~—Å–∞–º—ã—Ö
                               —Ä–∞–∑–Ω–æ–æ–±—Ä–∞–∑–Ω—ã—Ö –∏ –ø–æ—Ä–æ–π –Ω–µ...

You may provide a definition with
\DeclareUnicodeCharacter 


! Package inputenc Error: Unicode character —Ä (U+0440)
(inputenc)                not set up for use with LaTeX.

See the inputenc package documentation for explanation.
Type  H <return>  for immediate help.
 ...                                              
                                                  
l.2 {\actuality} –í~—Å–∞–º—ã—Ö —Ä
                                 –∞–∑–Ω–æ–æ–±—Ä–∞–∑–Ω—ã—Ö –∏ –ø–æ—Ä–æ–π –Ω–µ...

You may provide a definition with
\DeclareUnicodeCharacter 


! Package inputenc Error: Unicode character –∞ (U+0430)
(inputenc)                not set up for use with LaTeX.

See the inputenc package documentation for explanation.
Type  H <return>  for immediate help.
 ...                                              
                                                  
l.2 {\actuality} –í~—Å–∞–º—ã—Ö —Ä–∞
                                   –∑–Ω–æ–æ–±—Ä–∞–∑–Ω—ã—Ö –∏ –ø–æ—Ä–æ–π –Ω–µ...

You may provide a definition with
\DeclareUnicodeCharacter 


! Package inputenc Error: Unicode character –∑ (U+0437)
(inputenc)                not set up for use with LaTeX.

See the inputenc package documentation for explanation.
Type  H <return>  for immediate help.
 ...                                              
                                                  
l.2 {\actuality} –í~—Å–∞–º—ã—Ö —Ä–∞–∑
                                     –Ω–æ–æ–±—Ä–∞–∑–Ω—ã—Ö –∏ –ø–æ—Ä–æ–π –Ω–µ...

You may provide a definition with
\DeclareUnicodeCharacter 


! Package inputenc Error: Unicode character –Ω (U+043D)
(inputenc)                not set up for use with LaTeX.

See the inputenc package documentation for explanation.
Type  H <return>  for immediate help.
 ...                                              
                                                  
l.2 {\actuality} –í~—Å–∞–º—ã—Ö —Ä–∞–∑–Ω
                                       –æ–æ–±—Ä–∞–∑–Ω—ã—Ö –∏ –ø–æ—Ä–æ–π –Ω–µ...

You may provide a definition with
\DeclareUnicodeCharacter 


! Package inputenc Error: Unicode character –æ (U+043E)
(inputenc)                not set up for use with LaTeX.

See the inputenc package documentation for explanation.
Type  H <return>  for immediate help.
 ...                                              
                                                  
l.2 {\actuality} –í~—Å–∞–º—ã—Ö —Ä–∞–∑–Ω–æ
                                         –æ–±—Ä–∞–∑–Ω—ã—Ö –∏ –ø–æ—Ä–æ–π –Ω–µ...

You may provide a definition with
\DeclareUnicodeCharacter 


! Package inputenc Error: Unicode character –æ (U+043E)
(inputenc)                not set up for use with LaTeX.

See the inputenc package documentation for explanation.
Type  H <return>  for immediate help.
 ...                                              
                                                  
l.2 {\actuality} –í~—Å–∞–º—ã—Ö —Ä–∞–∑–Ω–æ–æ
                                           –±—Ä–∞–∑–Ω—ã—Ö –∏ –ø–æ—Ä–æ–π –Ω–µ...

You may provide a definition with
\DeclareUnicodeCharacter 


! Package inputenc Error: Unicode character –± (U+0431)
(inputenc)                not set up for use with LaTeX.

See the inputenc package documentation for explanation.
Type  H <return>  for immediate help.
 ...                                              
                                                  
l.2 {\actuality} –í~—Å–∞–º—ã—Ö —Ä–∞–∑–Ω–æ–æ–±
                                             —Ä–∞–∑–Ω—ã—Ö –∏ –ø–æ—Ä–æ–π –Ω–µ...

You may provide a definition with
\DeclareUnicodeCharacter 


! Package inputenc Error: Unicode character —Ä (U+0440)
(inputenc)                not set up for use with LaTeX.

See the inputenc package documentation for explanation.
Type  H <return>  for immediate help.
 ...                                              
                                                  
l.2 {\actuality} –í~—Å–∞–º—ã—Ö —Ä–∞–∑–Ω–æ–æ–±—Ä
                                               –∞–∑–Ω—ã—Ö –∏ –ø–æ—Ä–æ–π –Ω–µ...

You may provide a definition with
\DeclareUnicodeCharacter 


! Package inputenc Error: Unicode character –∞ (U+0430)
(inputenc)                not set up for use with LaTeX.

See the inputenc package documentation for explanation.
Type  H <return>  for immediate help.
 ...                                              
                                                  
l.2 {\actuality} –í~—Å–∞–º—ã—Ö —Ä–∞–∑–Ω–æ–æ–±—Ä–∞
                                                 –∑–Ω—ã—Ö –∏ –ø–æ—Ä–æ–π –Ω–µ...

You may provide a definition with
\DeclareUnicodeCharacter 


! Package inputenc Error: Unicode character –∑ (U+0437)
(inputenc)                not set up for use with LaTeX.

See the inputenc package documentation for explanation.
Type  H <return>  for immediate help.
 ...                                              
                                                  
l.2 ...tuality} –í~—Å–∞–º—ã—Ö —Ä–∞–∑–Ω–æ–æ–±—Ä–∞–∑
                                                  –Ω—ã—Ö –∏ –ø–æ—Ä–æ–π –Ω–µ–...

You may provide a definition with
\DeclareUnicodeCharacter 


! Package inputenc Error: Unicode character –Ω (U+043D)
(inputenc)                not set up for use with LaTeX.

See the inputenc package documentation for explanation.
Type  H <return>  for immediate help.
 ...                                              
                                                  
l.2 ...ality} –í~—Å–∞–º—ã—Ö —Ä–∞–∑–Ω–æ–æ–±—Ä–∞–∑–Ω
                                                  —ã—Ö –∏ –ø–æ—Ä–æ–π –Ω–µ–æ–...

You may provide a definition with
\DeclareUnicodeCharacter 


! Package inputenc Error: Unicode character —ã (U+044B)
(inputenc)                not set up for use with LaTeX.

See the inputenc package documentation for explanation.
Type  H <return>  for immediate help.
 ...                                              
                                                  
l.2 ...ity} –í~—Å–∞–º—ã—Ö —Ä–∞–∑–Ω–æ–æ–±—Ä–∞–∑–Ω—ã
                                                  —Ö –∏ –ø–æ—Ä–æ–π –Ω–µ–æ–∂–...

You may provide a definition with
\DeclareUnicodeCharacter 


! Package inputenc Error: Unicode character —Ö (U+0445)
(inputenc)                not set up for use with LaTeX.

See the inputenc package documentation for explanation.
Type  H <return>  for immediate help.
 ...                                              
                                                  
l.2 ...y} –í~—Å–∞–º—ã—Ö —Ä–∞–∑–Ω–æ–æ–±—Ä–∞–∑–Ω—ã—Ö
                                                   –∏ –ø–æ—Ä–æ–π –Ω–µ–æ–∂–∏–...

You may provide a definition with
\DeclareUnicodeCharacter 


! Package inputenc Error: Unicode character –∏ (U+0438)
(inputenc)                not set up for use with LaTeX.

See the inputenc package documentation for explanation.
Type  H <return>  for immediate help.
 ...                                              
                                                  
l.2 ...–í~—Å–∞–º—ã—Ö —Ä–∞–∑–Ω–æ–æ–±—Ä–∞–∑–Ω—ã—Ö –∏
                                                   –ø–æ—Ä–æ–π –Ω–µ–æ–∂–∏–¥–∞...

You may provide a definition with
\DeclareUnicodeCharacter 


! Package inputenc Error: Unicode character –ø (U+043F)
(inputenc)                not set up for use with LaTeX.

See the inputenc package documentation for explanation.
Type  H <return>  for immediate help.
 ...                                              
                                                  
l.2 ...—Å–∞–º—ã—Ö —Ä–∞–∑–Ω–æ–æ–±—Ä–∞–∑–Ω—ã—Ö –∏ –ø
                                                  –æ—Ä–æ–π –Ω–µ–æ–∂–∏–¥–∞–Ω–...

You may provide a definition with
\DeclareUnicodeCharacter 


! Package inputenc Error: Unicode character –æ (U+043E)
(inputenc)                not set up for use with LaTeX.

See the inputenc package documentation for explanation.
Type  H <return>  for immediate help.
 ...                                              
                                                  
l.2 ...–∞–º—ã—Ö —Ä–∞–∑–Ω–æ–æ–±—Ä–∞–∑–Ω—ã—Ö –∏ –ø–æ
                                                  —Ä–æ–π –Ω–µ–æ–∂–∏–¥–∞–Ω–Ω—...

You may provide a definition with
\DeclareUnicodeCharacter 


! Package inputenc Error: Unicode character —Ä (U+0440)
(inputenc)                not set up for use with LaTeX.

See the inputenc package documentation for explanation.
Type  H <return>  for immediate help.
 ...                                              
                                                  
l.2 ...–º—ã—Ö —Ä–∞–∑–Ω–æ–æ–±—Ä–∞–∑–Ω—ã—Ö –∏ –ø–æ—Ä
                                                  –æ–π –Ω–µ–æ–∂–∏–¥–∞–Ω–Ω—ã—...

You may provide a definition with
\DeclareUnicodeCharacter 


! Package inputenc Error: Unicode character –æ (U+043E)
(inputenc)                not set up for use with LaTeX.

See the inputenc package documentation for explanation.
Type  H <return>  for immediate help.
 ...                                              
                                                  
l.2 ...—ã—Ö —Ä–∞–∑–Ω–æ–æ–±—Ä–∞–∑–Ω—ã—Ö –∏ –ø–æ—Ä–æ
                                                  –π –Ω–µ–æ–∂–∏–¥–∞–Ω–Ω—ã—Ö ...

You may provide a definition with
\DeclareUnicodeCharacter 


! Package inputenc Error: Unicode character –π (U+0439)
(inputenc)                not set up for use with LaTeX.

See the inputenc package documentation for explanation.
Type  H <return>  for immediate help.
 ...                                              
                                                  
l.2 ...—Ö —Ä–∞–∑–Ω–æ–æ–±—Ä–∞–∑–Ω—ã—Ö –∏ –ø–æ—Ä–æ–π
                                                   –Ω–µ–æ–∂–∏–¥–∞–Ω–Ω—ã—Ö –∞...

You may provide a definition with
\DeclareUnicodeCharacter 


! Package inputenc Error: Unicode character –Ω (U+043D)
(inputenc)                not set up for use with LaTeX.

See the inputenc package documentation for explanation.
Type  H <return>  for immediate help.
 ...                                              
                                                  
l.2 ...—Ä–∞–∑–Ω–æ–æ–±—Ä–∞–∑–Ω—ã—Ö –∏ –ø–æ—Ä–æ–π –Ω
                                                  –µ–æ–∂–∏–¥–∞–Ω–Ω—ã—Ö –∞–∫–...

You may provide a definition with
\DeclareUnicodeCharacter 


! Package inputenc Error: Unicode character –µ (U+0435)
(inputenc)                not set up for use with LaTeX.

See the inputenc package documentation for explanation.
Type  H <return>  for immediate help.
 ...                                              
                                                  
l.2 ...–∞–∑–Ω–æ–æ–±—Ä–∞–∑–Ω—ã—Ö –∏ –ø–æ—Ä–æ–π –Ω–µ
                                                  –æ–∂–∏–¥–∞–Ω–Ω—ã—Ö –∞–∫–∞–...

You may provide a definition with
\DeclareUnicodeCharacter 


! Package inputenc Error: Unicode character –æ (U+043E)
(inputenc)                not set up for use with LaTeX.

See the inputenc package documentation for explanation.
Type  H <return>  for immediate help.
 ...                                              
                                                  
l.2 ...–∑–Ω–æ–æ–±—Ä–∞–∑–Ω—ã—Ö –∏ –ø–æ—Ä–æ–π –Ω–µ–æ
                                                  –∂–∏–¥–∞–Ω–Ω—ã—Ö –∞–∫–∞–¥–...

You may provide a definition with
\DeclareUnicodeCharacter 


! Package inputenc Error: Unicode character –∂ (U+0436)
(inputenc)                not set up for use with LaTeX.

See the inputenc package documentation for explanation.
Type  H <return>  for immediate help.
 ...                                              
                                                  
l.2 ...–Ω–æ–æ–±—Ä–∞–∑–Ω—ã—Ö –∏ –ø–æ—Ä–æ–π –Ω–µ–æ–∂
                                                  –∏–¥–∞–Ω–Ω—ã—Ö –∞–∫–∞–¥–µ–...

You may provide a definition with
\DeclareUnicodeCharacter 


! Package inputenc Error: Unicode character –∏ (U+0438)
(inputenc)                not set up for use with LaTeX.

See the inputenc package documentation for explanation.
Type  H <return>  for immediate help.
 ...                                              
                                                  
l.2 ...–æ–æ–±—Ä–∞–∑–Ω—ã—Ö –∏ –ø–æ—Ä–æ–π –Ω–µ–æ–∂–∏
                                                  –¥–∞–Ω–Ω—ã—Ö –∞–∫–∞–¥–µ–º–...

You may provide a definition with
\DeclareUnicodeCharacter 


! Package inputenc Error: Unicode character –¥ (U+0434)
(inputenc)                not set up for use with LaTeX.

See the inputenc package documentation for explanation.
Type  H <return>  for immediate help.
 ...                                              
                                                  
l.2 ...–æ–±—Ä–∞–∑–Ω—ã—Ö –∏ –ø–æ—Ä–æ–π –Ω–µ–æ–∂–∏–¥
                                                  –∞–Ω–Ω—ã—Ö –∞–∫–∞–¥–µ–º–∏—...

You may provide a definition with
\DeclareUnicodeCharacter 


! Package inputenc Error: Unicode character –∞ (U+0430)
(inputenc)                not set up for use with LaTeX.

See the inputenc package documentation for explanation.
Type  H <return>  for immediate help.
 ...                                              
                                                  
l.2 ...–±—Ä–∞–∑–Ω—ã—Ö –∏ –ø–æ—Ä–æ–π –Ω–µ–æ–∂–∏–¥–∞
                                                  –Ω–Ω—ã—Ö –∞–∫–∞–¥–µ–º–∏—á–...

You may provide a definition with
\DeclareUnicodeCharacter 


! Package inputenc Error: Unicode character –Ω (U+043D)
(inputenc)                not set up for use with LaTeX.

See the inputenc package documentation for explanation.
Type  H <return>  for immediate help.
 ...                                              
                                                  
l.2 ...—Ä–∞–∑–Ω—ã—Ö –∏ –ø–æ—Ä–æ–π –Ω–µ–æ–∂–∏–¥–∞–Ω
                                                  –Ω—ã—Ö –∞–∫–∞–¥–µ–º–∏—á–µ—...

You may provide a definition with
\DeclareUnicodeCharacter 


! Package inputenc Error: Unicode character –Ω (U+043D)
(inputenc)                not set up for use with LaTeX.

See the inputenc package documentation for explanation.
Type  H <return>  for immediate help.
 ...                                              
                                                  
l.2 ...–∞–∑–Ω—ã—Ö –∏ –ø–æ—Ä–æ–π –Ω–µ–æ–∂–∏–¥–∞–Ω–Ω
                                                  —ã—Ö –∞–∫–∞–¥–µ–º–∏—á–µ—Å–...

You may provide a definition with
\DeclareUnicodeCharacter 


! Package inputenc Error: Unicode character —ã (U+044B)
(inputenc)                not set up for use with LaTeX.

See the inputenc package documentation for explanation.
Type  H <return>  for immediate help.
 ...                                              
                                                  
l.2 ...–∑–Ω—ã—Ö –∏ –ø–æ—Ä–æ–π –Ω–µ–æ–∂–∏–¥–∞–Ω–Ω—ã
                                                  —Ö –∞–∫–∞–¥–µ–º–∏—á–µ—Å–∫–...

You may provide a definition with
\DeclareUnicodeCharacter 


! Package inputenc Error: Unicode character —Ö (U+0445)
(inputenc)                not set up for use with LaTeX.

See the inputenc package documentation for explanation.
Type  H <return>  for immediate help.
 ...                                              
                                                  
l.2 ...–Ω—ã—Ö –∏ –ø–æ—Ä–æ–π –Ω–µ–æ–∂–∏–¥–∞–Ω–Ω—ã—Ö
                                                   –∞–∫–∞–¥–µ–º–∏—á–µ—Å–∫–∏—...

You may provide a definition with
\DeclareUnicodeCharacter 


! Package inputenc Error: Unicode character –∞ (U+0430)
(inputenc)                not set up for use with LaTeX.

See the inputenc package documentation for explanation.
Type  H <return>  for immediate help.
 ...                                              
                                                  
l.2 ...ã—Ö –∏ –ø–æ—Ä–æ–π –Ω–µ–æ–∂–∏–¥–∞–Ω–Ω—ã—Ö –∞
                                                  –∫–∞–¥–µ–º–∏—á–µ—Å–∫–∏—Ö, ...

You may provide a definition with
\DeclareUnicodeCharacter 


! Package inputenc Error: Unicode character –∫ (U+043A)
(inputenc)                not set up for use with LaTeX.

See the inputenc package documentation for explanation.
Type  H <return>  for immediate help.
 ...                                              
                                                  
l.2 ...Ö –∏ –ø–æ—Ä–æ–π –Ω–µ–æ–∂–∏–¥–∞–Ω–Ω—ã—Ö –∞–∫
                                                  –∞–¥–µ–º–∏—á–µ—Å–∫–∏—Ö, –±...

You may provide a definition with
\DeclareUnicodeCharacter 


! Package inputenc Error: Unicode character –∞ (U+0430)
(inputenc)                not set up for use with LaTeX.

See the inputenc package documentation for explanation.
Type  H <return>  for immediate help.
 ...                                              
                                                  
l.2 ...–∏ –ø–æ—Ä–æ–π –Ω–µ–æ–∂–∏–¥–∞–Ω–Ω—ã—Ö –∞–∫–∞
                                                  –¥–µ–º–∏—á–µ—Å–∫–∏—Ö, –±–∏...

You may provide a definition with
\DeclareUnicodeCharacter 


! Package inputenc Error: Unicode character –¥ (U+0434)
(inputenc)                not set up for use with LaTeX.

See the inputenc package documentation for explanation.
Type  H <return>  for immediate help.
 ...                                              
                                                  
l.2 ... –ø–æ—Ä–æ–π –Ω–µ–æ–∂–∏–¥–∞–Ω–Ω—ã—Ö –∞–∫–∞–¥
                                                  –µ–º–∏—á–µ—Å–∫–∏—Ö, –±–∏–æ...

You may provide a definition with
\DeclareUnicodeCharacter 


! Package inputenc Error: Unicode character –µ (U+0435)
(inputenc)                not set up for use with LaTeX.

See the inputenc package documentation for explanation.
Type  H <return>  for immediate help.
 ...                                              
                                                  
l.2 ...ø–æ—Ä–æ–π –Ω–µ–æ–∂–∏–¥–∞–Ω–Ω—ã—Ö –∞–∫–∞–¥–µ
                                                  –º–∏—á–µ—Å–∫–∏—Ö, –±–∏–æ—Ñ...

You may provide a definition with
\DeclareUnicodeCharacter 


! Package inputenc Error: Unicode character –º (U+043C)
(inputenc)                not set up for use with LaTeX.

See the inputenc package documentation for explanation.
Type  H <return>  for immediate help.
 ...                                              
                                                  
l.2 ...æ—Ä–æ–π –Ω–µ–æ–∂–∏–¥–∞–Ω–Ω—ã—Ö –∞–∫–∞–¥–µ–º
                                                  –∏—á–µ—Å–∫–∏—Ö, –±–∏–æ—Ñ–∏...

You may provide a definition with
\DeclareUnicodeCharacter 


! Package inputenc Error: Unicode character –∏ (U+0438)
(inputenc)                not set up for use with LaTeX.

See the inputenc package documentation for explanation.
Type  H <return>  for immediate help.
 ...                                              
                                                  
l.2 ...Ä–æ–π –Ω–µ–æ–∂–∏–¥–∞–Ω–Ω—ã—Ö –∞–∫–∞–¥–µ–º–∏
                                                  —á–µ—Å–∫–∏—Ö, –±–∏–æ—Ñ–∏–∑...

You may provide a definition with
\DeclareUnicodeCharacter 


! Package inputenc Error: Unicode character —á (U+0447)
(inputenc)                not set up for use with LaTeX.

See the inputenc package documentation for explanation.
Type  H <return>  for immediate help.
 ...                                              
                                                  
l.2 ...æ–π –Ω–µ–æ–∂–∏–¥–∞–Ω–Ω—ã—Ö –∞–∫–∞–¥–µ–º–∏—á
                                                  –µ—Å–∫–∏—Ö, –±–∏–æ—Ñ–∏–∑–∏...

You may provide a definition with
\DeclareUnicodeCharacter 


! Package inputenc Error: Unicode character –µ (U+0435)
(inputenc)                not set up for use with LaTeX.

See the inputenc package documentation for explanation.
Type  H <return>  for immediate help.
 ...                                              
                                                  
l.2 ...π –Ω–µ–æ–∂–∏–¥–∞–Ω–Ω—ã—Ö –∞–∫–∞–¥–µ–º–∏—á–µ
                                                  —Å–∫–∏—Ö, –±–∏–æ—Ñ–∏–∑–∏—á...

You may provide a definition with
\DeclareUnicodeCharacter 


! Package inputenc Error: Unicode character —Å (U+0441)
(inputenc)                not set up for use with LaTeX.

See the inputenc package documentation for explanation.
Type  H <return>  for immediate help.
 ...                                              
                                                  
l.2 ...–Ω–µ–æ–∂–∏–¥–∞–Ω–Ω—ã—Ö –∞–∫–∞–¥–µ–º–∏—á–µ—Å
                                                  –∫–∏—Ö, –±–∏–æ—Ñ–∏–∑–∏—á–µ...

You may provide a definition with
\DeclareUnicodeCharacter 


! Package inputenc Error: Unicode character –∫ (U+043A)
(inputenc)                not set up for use with LaTeX.

See the inputenc package documentation for explanation.
Type  H <return>  for immediate help.
 ...                                              
                                                  
l.2 ...–µ–æ–∂–∏–¥–∞–Ω–Ω—ã—Ö –∞–∫–∞–¥–µ–º–∏—á–µ—Å–∫
                                                  –∏—Ö, –±–∏–æ—Ñ–∏–∑–∏—á–µ—Å...

You may provide a definition with
\DeclareUnicodeCharacter 


! Package inputenc Error: Unicode character –∏ (U+0438)
(inputenc)                not set up for use with LaTeX.

See the inputenc package documentation for explanation.
Type  H <return>  for immediate help.
 ...                                              
                                                  
l.2 ...–æ–∂–∏–¥–∞–Ω–Ω—ã—Ö –∞–∫–∞–¥–µ–º–∏—á–µ—Å–∫–∏
                                                  —Ö, –±–∏–æ—Ñ–∏–∑–∏—á–µ—Å–∫...

You may provide a definition with
\DeclareUnicodeCharacter 


! Package inputenc Error: Unicode character —Ö (U+0445)
(inputenc)                not set up for use with LaTeX.

See the inputenc package documentation for explanation.
Type  H <return>  for immediate help.
 ...                                              
                                                  
l.2 ...–∂–∏–¥–∞–Ω–Ω—ã—Ö –∞–∫–∞–¥–µ–º–∏—á–µ—Å–∫–∏—Ö
                                                  , –±–∏–æ—Ñ–∏–∑–∏—á–µ—Å–∫–∏...

You may provide a definition with
\DeclareUnicodeCharacter 

Missing character: There is no , in font nullfont!

! Package inputenc Error: Unicode character –± (U+0431)
(inputenc)                not set up for use with LaTeX.

See the inputenc package documentation for explanation.
Type  H <return>  for immediate help.
 ...                                              
                                                  
l.2 ...–¥–∞–Ω–Ω—ã—Ö –∞–∫–∞–¥–µ–º–∏—á–µ—Å–∫–∏—Ö, –±
                                                  –∏–æ—Ñ–∏–∑–∏—á–µ—Å–∫–∏—Ö, ...

You may provide a definition with
\DeclareUnicodeCharacter 


! Package inputenc Error: Unicode character –∏ (U+0438)
(inputenc)                not set up for use with LaTeX.

See the inputenc package documentation for explanation.
Type  H <return>  for immediate help.
 ...                                              
                                                  
l.2 ...–∞–Ω–Ω—ã—Ö –∞–∫–∞–¥–µ–º–∏—á–µ—Å–∫–∏—Ö, –±–∏
                                                  –æ—Ñ–∏–∑–∏—á–µ—Å–∫–∏—Ö, —Ç...

You may provide a definition with
\DeclareUnicodeCharacter 


! Package inputenc Error: Unicode character –æ (U+043E)
(inputenc)                not set up for use with LaTeX.

See the inputenc package documentation for explanation.
Type  H <return>  for immediate help.
 ...                                              
                                                  
l.2 ...–Ω–Ω—ã—Ö –∞–∫–∞–¥–µ–º–∏—á–µ—Å–∫–∏—Ö, –±–∏–æ
                                                  —Ñ–∏–∑–∏—á–µ—Å–∫–∏—Ö, —Ç–µ...

You may provide a definition with
\DeclareUnicodeCharacter 


! Package inputenc Error: Unicode character —Ñ (U+0444)
(inputenc)                not set up for use with LaTeX.

See the inputenc package documentation for explanation.
Type  H <return>  for immediate help.
 ...                                              
                                                  
l.2 ...–Ω—ã—Ö –∞–∫–∞–¥–µ–º–∏—á–µ—Å–∫–∏—Ö, –±–∏–æ—Ñ
                                                  –∏–∑–∏—á–µ—Å–∫–∏—Ö, —Ç–µ—Ö...

You may provide a definition with
\DeclareUnicodeCharacter 


! Package inputenc Error: Unicode character –∏ (U+0438)
(inputenc)                not set up for use with LaTeX.

See the inputenc package documentation for explanation.
Type  H <return>  for immediate help.
 ...                                              
                                                  
l.2 ...—ã—Ö –∞–∫–∞–¥–µ–º–∏—á–µ—Å–∫–∏—Ö, –±–∏–æ—Ñ–∏
                                                  –∑–∏—á–µ—Å–∫–∏—Ö, —Ç–µ—Ö–Ω...

You may provide a definition with
\DeclareUnicodeCharacter 


! Package inputenc Error: Unicode character –∑ (U+0437)
(inputenc)                not set up for use with LaTeX.

See the inputenc package documentation for explanation.
Type  H <return>  for immediate help.
 ...                                              
                                                  
l.2 ...—Ö –∞–∫–∞–¥–µ–º–∏—á–µ—Å–∫–∏—Ö, –±–∏–æ—Ñ–∏–∑
                                                  –∏—á–µ—Å–∫–∏—Ö, —Ç–µ—Ö–Ω–∏...

You may provide a definition with
\DeclareUnicodeCharacter 


! Package inputenc Error: Unicode character –∏ (U+0438)
(inputenc)                not set up for use with LaTeX.

See the inputenc package documentation for explanation.
Type  H <return>  for immediate help.
 ...                                              
                                                  
l.2 ... –∞–∫–∞–¥–µ–º–∏—á–µ—Å–∫–∏—Ö, –±–∏–æ—Ñ–∏–∑–∏
                                                  —á–µ—Å–∫–∏—Ö, —Ç–µ—Ö–Ω–∏—á...

You may provide a definition with
\DeclareUnicodeCharacter 


! Package inputenc Error: Unicode character —á (U+0447)
(inputenc)                not set up for use with LaTeX.

See the inputenc package documentation for explanation.
Type  H <return>  for immediate help.
 ...                                              
                                                  
l.2 ...∞–∫–∞–¥–µ–º–∏—á–µ—Å–∫–∏—Ö, –±–∏–æ—Ñ–∏–∑–∏—á
                                                  –µ—Å–∫–∏—Ö, —Ç–µ—Ö–Ω–∏—á–µ...

You may provide a definition with
\DeclareUnicodeCharacter 


! Package inputenc Error: Unicode character –µ (U+0435)
(inputenc)                not set up for use with LaTeX.

See the inputenc package documentation for explanation.
Type  H <return>  for immediate help.
 ...                                              
                                                  
l.2 ...∫–∞–¥–µ–º–∏—á–µ—Å–∫–∏—Ö, –±–∏–æ—Ñ–∏–∑–∏—á–µ
                                                  —Å–∫–∏—Ö, —Ç–µ—Ö–Ω–∏—á–µ—Å...

You may provide a definition with
\DeclareUnicodeCharacter 


! Package inputenc Error: Unicode character —Å (U+0441)
(inputenc)                not set up for use with LaTeX.

See the inputenc package documentation for explanation.
Type  H <return>  for immediate help.
 ...                                              
                                                  
l.2 ...∞–¥–µ–º–∏—á–µ—Å–∫–∏—Ö, –±–∏–æ—Ñ–∏–∑–∏—á–µ—Å
                                                  –∫–∏—Ö, —Ç–µ—Ö–Ω–∏—á–µ—Å–∫...

You may provide a definition with
\DeclareUnicodeCharacter 


! Package inputenc Error: Unicode character –∫ (U+043A)
(inputenc)                not set up for use with LaTeX.

See the inputenc package documentation for explanation.
Type  H <return>  for immediate help.
 ...                                              
                                                  
l.2 ...¥–µ–º–∏—á–µ—Å–∫–∏—Ö, –±–∏–æ—Ñ–∏–∑–∏—á–µ—Å–∫
                                                  –∏—Ö, —Ç–µ—Ö–Ω–∏—á–µ—Å–∫–∏...

You may provide a definition with
\DeclareUnicodeCharacter 


! Package inputenc Error: Unicode character –∏ (U+0438)
(inputenc)                not set up for use with LaTeX.

See the inputenc package documentation for explanation.
Type  H <return>  for immediate help.
 ...                                              
                                                  
l.2 ...µ–º–∏—á–µ—Å–∫–∏—Ö, –±–∏–æ—Ñ–∏–∑–∏—á–µ—Å–∫–∏
                                                  —Ö, —Ç–µ—Ö–Ω–∏—á–µ—Å–∫–∏—Ö...

You may provide a definition with
\DeclareUnicodeCharacter 


! Package inputenc Error: Unicode character —Ö (U+0445)
(inputenc)                not set up for use with LaTeX.

See the inputenc package documentation for explanation.
Type  H <return>  for immediate help.
 ...                                              
                                                  
l.2 ...º–∏—á–µ—Å–∫–∏—Ö, –±–∏–æ—Ñ–∏–∑–∏—á–µ—Å–∫–∏—Ö
                                                  , —Ç–µ—Ö–Ω–∏—á–µ—Å–∫–∏—Ö –...

You may provide a definition with
\DeclareUnicodeCharacter 

Missing character: There is no , in font nullfont!

! Package inputenc Error: Unicode character —Ç (U+0442)
(inputenc)                not set up for use with LaTeX.

See the inputenc package documentation for explanation.
Type  H <return>  for immediate help.
 ...                                              
                                                  
l.2 ...á–µ—Å–∫–∏—Ö, –±–∏–æ—Ñ–∏–∑–∏—á–µ—Å–∫–∏—Ö, —Ç
                                                  –µ—Ö–Ω–∏—á–µ—Å–∫–∏—Ö –≥–µ–...

You may provide a definition with
\DeclareUnicodeCharacter 


! Package inputenc Error: Unicode character –µ (U+0435)
(inputenc)                not set up for use with LaTeX.

See the inputenc package documentation for explanation.
Type  H <return>  for immediate help.
 ...                                              
                                                  
l.2 ...µ—Å–∫–∏—Ö, –±–∏–æ—Ñ–∏–∑–∏—á–µ—Å–∫–∏—Ö, —Ç–µ
                                                  —Ö–Ω–∏—á–µ—Å–∫–∏—Ö –≥–µ–æ—...

You may provide a definition with
\DeclareUnicodeCharacter 


! Package inputenc Error: Unicode character —Ö (U+0445)
(inputenc)                not set up for use with LaTeX.

See the inputenc package documentation for explanation.
Type  H <return>  for immediate help.
 ...                                              
                                                  
l.2 ...Å–∫–∏—Ö, –±–∏–æ—Ñ–∏–∑–∏—á–µ—Å–∫–∏—Ö, —Ç–µ—Ö
                                                  –Ω–∏—á–µ—Å–∫–∏—Ö –≥–µ–æ—Ñ–...

You may provide a definition with
\DeclareUnicodeCharacter 


! Package inputenc Error: Unicode character –Ω (U+043D)
(inputenc)                not set up for use with LaTeX.

See the inputenc package documentation for explanation.
Type  H <return>  for immediate help.
 ...                                              
                                                  
l.2 ...∫–∏—Ö, –±–∏–æ—Ñ–∏–∑–∏—á–µ—Å–∫–∏—Ö, —Ç–µ—Ö–Ω
                                                  –∏—á–µ—Å–∫–∏—Ö –≥–µ–æ—Ñ–∏–...

You may provide a definition with
\DeclareUnicodeCharacter 


! Package inputenc Error: Unicode character –∏ (U+0438)
(inputenc)                not set up for use with LaTeX.

See the inputenc package documentation for explanation.
Type  H <return>  for immediate help.
 ...                                              
                                                  
l.2 ...∏—Ö, –±–∏–æ—Ñ–∏–∑–∏—á–µ—Å–∫–∏—Ö, —Ç–µ—Ö–Ω–∏
                                                  —á–µ—Å–∫–∏—Ö –≥–µ–æ—Ñ–∏–∑–...

You may provide a definition with
\DeclareUnicodeCharacter 


! Package inputenc Error: Unicode character —á (U+0447)
(inputenc)                not set up for use with LaTeX.

See the inputenc package documentation for explanation.
Type  H <return>  for immediate help.
 ...                                              
                                                  
l.2 ...Ö, –±–∏–æ—Ñ–∏–∑–∏—á–µ—Å–∫–∏—Ö, —Ç–µ—Ö–Ω–∏—á
                                                  –µ—Å–∫–∏—Ö –≥–µ–æ—Ñ–∏–∑–∏—...

You may provide a definition with
\DeclareUnicodeCharacter 


! Package inputenc Error: Unicode character –µ (U+0435)
(inputenc)                not set up for use with LaTeX.

See the inputenc package documentation for explanation.
Type  H <return>  for immediate help.
 ...                                              
                                                  
l.2 ... –±–∏–æ—Ñ–∏–∑–∏—á–µ—Å–∫–∏—Ö, —Ç–µ—Ö–Ω–∏—á–µ
                                                  —Å–∫–∏—Ö –≥–µ–æ—Ñ–∏–∑–∏—á–...

You may provide a definition with
\DeclareUnicodeCharacter 


! Package inputenc Error: Unicode character —Å (U+0441)
(inputenc)                not set up for use with LaTeX.

See the inputenc package documentation for explanation.
Type  H <return>  for immediate help.
 ...                                              
                                                  
l.2 ...±–∏–æ—Ñ–∏–∑–∏—á–µ—Å–∫–∏—Ö, —Ç–µ—Ö–Ω–∏—á–µ—Å
                                                  –∫–∏—Ö –≥–µ–æ—Ñ–∏–∑–∏—á–µ—...

You may provide a definition with
\DeclareUnicodeCharacter 


! Package inputenc Error: Unicode character –∫ (U+043A)
(inputenc)                not set up for use with LaTeX.

See the inputenc package documentation for explanation.
Type  H <return>  for immediate help.
 ...                                              
                                                  
l.2 ...∏–æ—Ñ–∏–∑–∏—á–µ—Å–∫–∏—Ö, —Ç–µ—Ö–Ω–∏—á–µ—Å–∫
                                                  –∏—Ö –≥–µ–æ—Ñ–∏–∑–∏—á–µ—Å–...

You may provide a definition with
\DeclareUnicodeCharacter 


! Package inputenc Error: Unicode character –∏ (U+0438)
(inputenc)                not set up for use with LaTeX.

See the inputenc package documentation for explanation.
Type  H <return>  for immediate help.
 ...                                              
                                                  
l.2 ...æ—Ñ–∏–∑–∏—á–µ—Å–∫–∏—Ö, —Ç–µ—Ö–Ω–∏—á–µ—Å–∫–∏
                                                  —Ö –≥–µ–æ—Ñ–∏–∑–∏—á–µ—Å–∫–...

You may provide a definition with
\DeclareUnicodeCharacter 


! Package inputenc Error: Unicode character —Ö (U+0445)
(inputenc)                not set up for use with LaTeX.

See the inputenc package documentation for explanation.
Type  H <return>  for immediate help.
 ...                                              
                                                  
l.2 ...Ñ–∏–∑–∏—á–µ—Å–∫–∏—Ö, —Ç–µ—Ö–Ω–∏—á–µ—Å–∫–∏—Ö
                                                   –≥–µ–æ—Ñ–∏–∑–∏—á–µ—Å–∫–∏—...

You may provide a definition with
\DeclareUnicodeCharacter 


! Package inputenc Error: Unicode character –≥ (U+0433)
(inputenc)                not set up for use with LaTeX.

See the inputenc package documentation for explanation.
Type  H <return>  for immediate help.
 ...                                              
                                                  
l.2 ...–∑–∏—á–µ—Å–∫–∏—Ö, —Ç–µ—Ö–Ω–∏—á–µ—Å–∫–∏—Ö –≥
                                                  –µ–æ—Ñ–∏–∑–∏—á–µ—Å–∫–∏—Ö –...

You may provide a definition with
\DeclareUnicodeCharacter 


! Package inputenc Error: Unicode character –µ (U+0435)
(inputenc)                not set up for use with LaTeX.

See the inputenc package documentation for explanation.
Type  H <return>  for immediate help.
 ...                                              
                                                  
l.2 ...–∏—á–µ—Å–∫–∏—Ö, —Ç–µ—Ö–Ω–∏—á–µ—Å–∫–∏—Ö –≥–µ
                                                  –æ—Ñ–∏–∑–∏—á–µ—Å–∫–∏—Ö –ø—...

You may provide a definition with
\DeclareUnicodeCharacter 


! Package inputenc Error: Unicode character –æ (U+043E)
(inputenc)                not set up for use with LaTeX.

See the inputenc package documentation for explanation.
Type  H <return>  for immediate help.
 ...                                              
                                                  
l.2 ...—á–µ—Å–∫–∏—Ö, —Ç–µ—Ö–Ω–∏—á–µ—Å–∫–∏—Ö –≥–µ–æ
                                                  —Ñ–∏–∑–∏—á–µ—Å–∫–∏—Ö –ø—Ä–...

You may provide a definition with
\DeclareUnicodeCharacter 


! Package inputenc Error: Unicode character —Ñ (U+0444)
(inputenc)                not set up for use with LaTeX.

See the inputenc package documentation for explanation.
Type  H <return>  for immediate help.
 ...                                              
                                                  
l.2 ...–µ—Å–∫–∏—Ö, —Ç–µ—Ö–Ω–∏—á–µ—Å–∫–∏—Ö –≥–µ–æ—Ñ
                                                  –∏–∑–∏—á–µ—Å–∫–∏—Ö –ø—Ä–∏–...

You may provide a definition with
\DeclareUnicodeCharacter 


! Package inputenc Error: Unicode character –∏ (U+0438)
(inputenc)                not set up for use with LaTeX.

See the inputenc package documentation for explanation.
Type  H <return>  for immediate help.
 ...                                              
                                                  
l.2 ...—Å–∫–∏—Ö, —Ç–µ—Ö–Ω–∏—á–µ—Å–∫–∏—Ö –≥–µ–æ—Ñ–∏
                                                  –∑–∏—á–µ—Å–∫–∏—Ö –ø—Ä–∏–ª–...

You may provide a definition with
\DeclareUnicodeCharacter 


! Package inputenc Error: Unicode character –∑ (U+0437)
(inputenc)                not set up for use with LaTeX.

See the inputenc package documentation for explanation.
Type  H <return>  for immediate help.
 ...                                              
                                                  
l.2 ...–∫–∏—Ö, —Ç–µ—Ö–Ω–∏—á–µ—Å–∫–∏—Ö –≥–µ–æ—Ñ–∏–∑
                                                  –∏—á–µ—Å–∫–∏—Ö –ø—Ä–∏–ª–æ–...

You may provide a definition with
\DeclareUnicodeCharacter 


! Package inputenc Error: Unicode character –∏ (U+0438)
(inputenc)                not set up for use with LaTeX.

See the inputenc package documentation for explanation.
Type  H <return>  for immediate help.
 ...                                              
                                                  
l.2 ...–∏—Ö, —Ç–µ—Ö–Ω–∏—á–µ—Å–∫–∏—Ö –≥–µ–æ—Ñ–∏–∑–∏
                                                  —á–µ—Å–∫–∏—Ö –ø—Ä–∏–ª–æ–∂–...

You may provide a definition with
\DeclareUnicodeCharacter 


! Package inputenc Error: Unicode character —á (U+0447)
(inputenc)                not set up for use with LaTeX.

See the inputenc package documentation for explanation.
Type  H <return>  for immediate help.
 ...                                              
                                                  
l.2 ...—Ö, —Ç–µ—Ö–Ω–∏—á–µ—Å–∫–∏—Ö –≥–µ–æ—Ñ–∏–∑–∏—á
                                                  –µ—Å–∫–∏—Ö –ø—Ä–∏–ª–æ–∂–µ–...

You may provide a definition with
\DeclareUnicodeCharacter 


! Package inputenc Error: Unicode character –µ (U+0435)
(inputenc)                not set up for use with LaTeX.

See the inputenc package documentation for explanation.
Type  H <return>  for immediate help.
 ...                                              
                                                  
l.2 ..., —Ç–µ—Ö–Ω–∏—á–µ—Å–∫–∏—Ö –≥–µ–æ—Ñ–∏–∑–∏—á–µ
                                                  —Å–∫–∏—Ö –ø—Ä–∏–ª–æ–∂–µ–Ω–...

You may provide a definition with
\DeclareUnicodeCharacter 


! Package inputenc Error: Unicode character —Å (U+0441)
(inputenc)                not set up for use with LaTeX.

See the inputenc package documentation for explanation.
Type  H <return>  for immediate help.
 ...                                              
                                                  
l.2 ...—Ç–µ—Ö–Ω–∏—á–µ—Å–∫–∏—Ö –≥–µ–æ—Ñ–∏–∑–∏—á–µ—Å
                                                  –∫–∏—Ö –ø—Ä–∏–ª–æ–∂–µ–Ω–∏—...

You may provide a definition with
\DeclareUnicodeCharacter 


! Package inputenc Error: Unicode character –∫ (U+043A)
(inputenc)                not set up for use with LaTeX.

See the inputenc package documentation for explanation.
Type  H <return>  for immediate help.
 ...                                              
                                                  
l.2 ...–µ—Ö–Ω–∏—á–µ—Å–∫–∏—Ö –≥–µ–æ—Ñ–∏–∑–∏—á–µ—Å–∫
                                                  –∏—Ö –ø—Ä–∏–ª–æ–∂–µ–Ω–∏—è—...

You may provide a definition with
\DeclareUnicodeCharacter 


! Package inputenc Error: Unicode character –∏ (U+0438)
(inputenc)                not set up for use with LaTeX.

See the inputenc package documentation for explanation.
Type  H <return>  for immediate help.
 ...                                              
                                                  
l.2 ...—Ö–Ω–∏—á–µ—Å–∫–∏—Ö –≥–µ–æ—Ñ–∏–∑–∏—á–µ—Å–∫–∏
                                                  —Ö –ø—Ä–∏–ª–æ–∂–µ–Ω–∏—è—Ö ...

You may provide a definition with
\DeclareUnicodeCharacter 


! Package inputenc Error: Unicode character —Ö (U+0445)
(inputenc)                not set up for use with LaTeX.

See the inputenc package documentation for explanation.
Type  H <return>  for immediate help.
 ...                                              
                                                  
l.2 ...–Ω–∏—á–µ—Å–∫–∏—Ö –≥–µ–æ—Ñ–∏–∑–∏—á–µ—Å–∫–∏—Ö
                                                   –ø—Ä–∏–ª–æ–∂–µ–Ω–∏—è—Ö –∏...

You may provide a definition with
\DeclareUnicodeCharacter 


! Package inputenc Error: Unicode character –ø (U+043F)
(inputenc)                not set up for use with LaTeX.

See the inputenc package documentation for explanation.
Type  H <return>  for immediate help.
 ...                                              
                                                  
l.2 ...∏—á–µ—Å–∫–∏—Ö –≥–µ–æ—Ñ–∏–∑–∏—á–µ—Å–∫–∏—Ö –ø
                                                  —Ä–∏–ª–æ–∂–µ–Ω–∏—è—Ö –∏—Å—...

You may provide a definition with
\DeclareUnicodeCharacter 


! Package inputenc Error: Unicode character —Ä (U+0440)
(inputenc)                not set up for use with LaTeX.

See the inputenc package documentation for explanation.
Type  H <return>  for immediate help.
 ...                                              
                                                  
l.2 ...á–µ—Å–∫–∏—Ö –≥–µ–æ—Ñ–∏–∑–∏—á–µ—Å–∫–∏—Ö –ø—Ä
                                                  –∏–ª–æ–∂–µ–Ω–∏—è—Ö –∏—Å—Å–...

You may provide a definition with
\DeclareUnicodeCharacter 


! Package inputenc Error: Unicode character –∏ (U+0438)
(inputenc)                not set up for use with LaTeX.

See the inputenc package documentation for explanation.
Type  H <return>  for immediate help.
 ...                                              
                                                  
l.2 ...µ—Å–∫–∏—Ö –≥–µ–æ—Ñ–∏–∑–∏—á–µ—Å–∫–∏—Ö –ø—Ä–∏
                                                  –ª–æ–∂–µ–Ω–∏—è—Ö –∏—Å—Å–ª–...

You may provide a definition with
\DeclareUnicodeCharacter 


! Package inputenc Error: Unicode character –ª (U+043B)
(inputenc)                not set up for use with LaTeX.

See the inputenc package documentation for explanation.
Type  H <return>  for immediate help.
 ...                                              
                                                  
l.2 ...Å–∫–∏—Ö –≥–µ–æ—Ñ–∏–∑–∏—á–µ—Å–∫–∏—Ö –ø—Ä–∏–ª
                                                  –æ–∂–µ–Ω–∏—è—Ö –∏—Å—Å–ª–µ–...

You may provide a definition with
\DeclareUnicodeCharacter 


! Package inputenc Error: Unicode character –æ (U+043E)
(inputenc)                not set up for use with LaTeX.

See the inputenc package documentation for explanation.
Type  H <return>  for immediate help.
 ...                                              
                                                  
l.2 ...∫–∏—Ö –≥–µ–æ—Ñ–∏–∑–∏—á–µ—Å–∫–∏—Ö –ø—Ä–∏–ª–æ
                                                  –∂–µ–Ω–∏—è—Ö –∏—Å—Å–ª–µ–¥–...

You may provide a definition with
\DeclareUnicodeCharacter 


! Package inputenc Error: Unicode character –∂ (U+0436)
(inputenc)                not set up for use with LaTeX.

See the inputenc package documentation for explanation.
Type  H <return>  for immediate help.
 ...                                              
                                                  
l.2 ...∏—Ö –≥–µ–æ—Ñ–∏–∑–∏—á–µ—Å–∫–∏—Ö –ø—Ä–∏–ª–æ–∂
                                                  –µ–Ω–∏—è—Ö –∏—Å—Å–ª–µ–¥–æ–...

You may provide a definition with
\DeclareUnicodeCharacter 


! Package inputenc Error: Unicode character –µ (U+0435)
(inputenc)                not set up for use with LaTeX.

See the inputenc package documentation for explanation.
Type  H <return>  for immediate help.
 ...                                              
                                                  
l.2 ...Ö –≥–µ–æ—Ñ–∏–∑–∏—á–µ—Å–∫–∏—Ö –ø—Ä–∏–ª–æ–∂–µ
                                                  –Ω–∏—è—Ö –∏—Å—Å–ª–µ–¥–æ–≤–...

You may provide a definition with
\DeclareUnicodeCharacter 


! Package inputenc Error: Unicode character –Ω (U+043D)
(inputenc)                not set up for use with LaTeX.

See the inputenc package documentation for explanation.
Type  H <return>  for immediate help.
 ...                                              
                                                  
l.2 ...–≥–µ–æ—Ñ–∏–∑–∏—á–µ—Å–∫–∏—Ö –ø—Ä–∏–ª–æ–∂–µ–Ω
                                                  –∏—è—Ö –∏—Å—Å–ª–µ–¥–æ–≤–∞—...

You may provide a definition with
\DeclareUnicodeCharacter 


! Package inputenc Error: Unicode character –∏ (U+0438)
(inputenc)                not set up for use with LaTeX.

See the inputenc package documentation for explanation.
Type  H <return>  for immediate help.
 ...                                              
                                                  
l.2 ...–µ–æ—Ñ–∏–∑–∏—á–µ—Å–∫–∏—Ö –ø—Ä–∏–ª–æ–∂–µ–Ω–∏
                                                  —è—Ö –∏—Å—Å–ª–µ–¥–æ–≤–∞—Ç–...

You may provide a definition with
\DeclareUnicodeCharacter 


! Package inputenc Error: Unicode character —è (U+044F)
(inputenc)                not set up for use with LaTeX.

See the inputenc package documentation for explanation.
Type  H <return>  for immediate help.
 ...                                              
                                                  
l.2 ...–æ—Ñ–∏–∑–∏—á–µ—Å–∫–∏—Ö –ø—Ä–∏–ª–æ–∂–µ–Ω–∏—è
                                                  —Ö –∏—Å—Å–ª–µ–¥–æ–≤–∞—Ç–µ–...

You may provide a definition with
\DeclareUnicodeCharacter 


! Package inputenc Error: Unicode character —Ö (U+0445)
(inputenc)                not set up for use with LaTeX.

See the inputenc package documentation for explanation.
Type  H <return>  for immediate help.
 ...                                              
                                                  
l.2 ...—Ñ–∏–∑–∏—á–µ—Å–∫–∏—Ö –ø—Ä–∏–ª–æ–∂–µ–Ω–∏—è—Ö
                                                   –∏—Å—Å–ª–µ–¥–æ–≤–∞—Ç–µ–ª–...

You may provide a definition with
\DeclareUnicodeCharacter 


! Package inputenc Error: Unicode character –∏ (U+0438)
(inputenc)                not set up for use with LaTeX.

See the inputenc package documentation for explanation.
Type  H <return>  for immediate help.
 ...                                              
                                                  
l.2 ...∏–∑–∏—á–µ—Å–∫–∏—Ö –ø—Ä–∏–ª–æ–∂–µ–Ω–∏—è—Ö –∏
                                                  —Å—Å–ª–µ–¥–æ–≤–∞—Ç–µ–ª–∏ —...
(That makes 100 errors; please try again.) 
Here is how much of TeX's memory you used:
 32 strings out of 494089
 556 string characters out of 3167734
 55284 words of memory out of 3000000
 4269 multiletter control sequences out of 15000+200000
 3640 words of font info for 14 fonts, out of 3000000 for 9000
 198 hyphenation exceptions out of 8191
 10i,0n,10p,2425b,14s stack positions out of 5000i,500n,10000p,200000b,50000s

!  ==> Fatal error occurred, no output PDF file produced!
