This is pdfTeX, Version 3.14159265-2.6-1.40.20 (MiKTeX 2.9.7050 64-bit) (preloaded format=pdflatex 2019.7.2)  11 SEP 2019 09:17
entering extended mode
**./part3.tex
(part3.tex
LaTeX2e <2018-12-01>
! Undefined control sequence.
l.1 \chapter
            {–ü—Ä–∏–º–µ–Ω–µ–Ω–∏–µ –º–µ—Ç–æ–¥–∞ —Ä–∞—Å—á–µ—Ç–∞ —Ç—Ä–∞–µ–∫—Ç–æ...
The control sequence at the end of the top line
of your error message was never \def'ed. If you have
misspelled it (e.g., `\hobx'), type `I' and the correct
spelling (e.g., `I\hbox'). Otherwise just continue,
and I'll forget about whatever was undefined.


! Package inputenc Error: Unicode character –ü (U+041F)
(inputenc)                not set up for use with LaTeX.

See the inputenc package documentation for explanation.
Type  H <return>  for immediate help.
 ...                                              
                                                  
l.1 \chapter{–ü
               —Ä–∏–º–µ–Ω–µ–Ω–∏–µ –º–µ—Ç–æ–¥–∞ —Ä–∞—Å—á–µ—Ç–∞ —Ç—Ä–∞–µ–∫—Ç–æ...

You may provide a definition with
\DeclareUnicodeCharacter 


! Package inputenc Error: Unicode character —Ä (U+0440)
(inputenc)                not set up for use with LaTeX.

See the inputenc package documentation for explanation.
Type  H <return>  for immediate help.
 ...                                              
                                                  
l.1 \chapter{–ü—Ä
                 –∏–º–µ–Ω–µ–Ω–∏–µ –º–µ—Ç–æ–¥–∞ —Ä–∞—Å—á–µ—Ç–∞ —Ç—Ä–∞–µ–∫—Ç–æ...

You may provide a definition with
\DeclareUnicodeCharacter 


! Package inputenc Error: Unicode character –∏ (U+0438)
(inputenc)                not set up for use with LaTeX.

See the inputenc package documentation for explanation.
Type  H <return>  for immediate help.
 ...                                              
                                                  
l.1 \chapter{–ü—Ä–∏
                   –º–µ–Ω–µ–Ω–∏–µ –º–µ—Ç–æ–¥–∞ —Ä–∞—Å—á–µ—Ç–∞ —Ç—Ä–∞–µ–∫—Ç–æ...

You may provide a definition with
\DeclareUnicodeCharacter 


! Package inputenc Error: Unicode character –º (U+043C)
(inputenc)                not set up for use with LaTeX.

See the inputenc package documentation for explanation.
Type  H <return>  for immediate help.
 ...                                              
                                                  
l.1 \chapter{–ü—Ä–∏–º
                     –µ–Ω–µ–Ω–∏–µ –º–µ—Ç–æ–¥–∞ —Ä–∞—Å—á–µ—Ç–∞ —Ç—Ä–∞–µ–∫—Ç–æ...

You may provide a definition with
\DeclareUnicodeCharacter 


! Package inputenc Error: Unicode character –µ (U+0435)
(inputenc)                not set up for use with LaTeX.

See the inputenc package documentation for explanation.
Type  H <return>  for immediate help.
 ...                                              
                                                  
l.1 \chapter{–ü—Ä–∏–º–µ
                       –Ω–µ–Ω–∏–µ –º–µ—Ç–æ–¥–∞ —Ä–∞—Å—á–µ—Ç–∞ —Ç—Ä–∞–µ–∫—Ç–æ...

You may provide a definition with
\DeclareUnicodeCharacter 


! Package inputenc Error: Unicode character –Ω (U+043D)
(inputenc)                not set up for use with LaTeX.

See the inputenc package documentation for explanation.
Type  H <return>  for immediate help.
 ...                                              
                                                  
l.1 \chapter{–ü—Ä–∏–º–µ–Ω
                         –µ–Ω–∏–µ –º–µ—Ç–æ–¥–∞ —Ä–∞—Å—á–µ—Ç–∞ —Ç—Ä–∞–µ–∫—Ç–æ...

You may provide a definition with
\DeclareUnicodeCharacter 


! Package inputenc Error: Unicode character –µ (U+0435)
(inputenc)                not set up for use with LaTeX.

See the inputenc package documentation for explanation.
Type  H <return>  for immediate help.
 ...                                              
                                                  
l.1 \chapter{–ü—Ä–∏–º–µ–Ω–µ
                           –Ω–∏–µ –º–µ—Ç–æ–¥–∞ —Ä–∞—Å—á–µ—Ç–∞ —Ç—Ä–∞–µ–∫—Ç–æ...

You may provide a definition with
\DeclareUnicodeCharacter 


! Package inputenc Error: Unicode character –Ω (U+043D)
(inputenc)                not set up for use with LaTeX.

See the inputenc package documentation for explanation.
Type  H <return>  for immediate help.
 ...                                              
                                                  
l.1 \chapter{–ü—Ä–∏–º–µ–Ω–µ–Ω
                             –∏–µ –º–µ—Ç–æ–¥–∞ —Ä–∞—Å—á–µ—Ç–∞ —Ç—Ä–∞–µ–∫—Ç–æ...

You may provide a definition with
\DeclareUnicodeCharacter 


! Package inputenc Error: Unicode character –∏ (U+0438)
(inputenc)                not set up for use with LaTeX.

See the inputenc package documentation for explanation.
Type  H <return>  for immediate help.
 ...                                              
                                                  
l.1 \chapter{–ü—Ä–∏–º–µ–Ω–µ–Ω–∏
                               –µ –º–µ—Ç–æ–¥–∞ —Ä–∞—Å—á–µ—Ç–∞ —Ç—Ä–∞–µ–∫—Ç–æ...

You may provide a definition with
\DeclareUnicodeCharacter 


! Package inputenc Error: Unicode character –µ (U+0435)
(inputenc)                not set up for use with LaTeX.

See the inputenc package documentation for explanation.
Type  H <return>  for immediate help.
 ...                                              
                                                  
l.1 \chapter{–ü—Ä–∏–º–µ–Ω–µ–Ω–∏–µ
                                  –º–µ—Ç–æ–¥–∞ —Ä–∞—Å—á–µ—Ç–∞ —Ç—Ä–∞–µ–∫—Ç–æ...

You may provide a definition with
\DeclareUnicodeCharacter 


! Package inputenc Error: Unicode character –º (U+043C)
(inputenc)                not set up for use with LaTeX.

See the inputenc package documentation for explanation.
Type  H <return>  for immediate help.
 ...                                              
                                                  
l.1 \chapter{–ü—Ä–∏–º–µ–Ω–µ–Ω–∏–µ –º
                                    –µ—Ç–æ–¥–∞ —Ä–∞—Å—á–µ—Ç–∞ —Ç—Ä–∞–µ–∫—Ç–æ...

You may provide a definition with
\DeclareUnicodeCharacter 


! Package inputenc Error: Unicode character –µ (U+0435)
(inputenc)                not set up for use with LaTeX.

See the inputenc package documentation for explanation.
Type  H <return>  for immediate help.
 ...                                              
                                                  
l.1 \chapter{–ü—Ä–∏–º–µ–Ω–µ–Ω–∏–µ –º–µ
                                      —Ç–æ–¥–∞ —Ä–∞—Å—á–µ—Ç–∞ —Ç—Ä–∞–µ–∫—Ç–æ...

You may provide a definition with
\DeclareUnicodeCharacter 


! Package inputenc Error: Unicode character —Ç (U+0442)
(inputenc)                not set up for use with LaTeX.

See the inputenc package documentation for explanation.
Type  H <return>  for immediate help.
 ...                                              
                                                  
l.1 \chapter{–ü—Ä–∏–º–µ–Ω–µ–Ω–∏–µ –º–µ—Ç
                                        –æ–¥–∞ —Ä–∞—Å—á–µ—Ç–∞ —Ç—Ä–∞–µ–∫—Ç–æ...

You may provide a definition with
\DeclareUnicodeCharacter 


! Package inputenc Error: Unicode character –æ (U+043E)
(inputenc)                not set up for use with LaTeX.

See the inputenc package documentation for explanation.
Type  H <return>  for immediate help.
 ...                                              
                                                  
l.1 \chapter{–ü—Ä–∏–º–µ–Ω–µ–Ω–∏–µ –º–µ—Ç–æ
                                          –¥–∞ —Ä–∞—Å—á–µ—Ç–∞ —Ç—Ä–∞–µ–∫—Ç–æ...

You may provide a definition with
\DeclareUnicodeCharacter 


! Package inputenc Error: Unicode character –¥ (U+0434)
(inputenc)                not set up for use with LaTeX.

See the inputenc package documentation for explanation.
Type  H <return>  for immediate help.
 ...                                              
                                                  
l.1 \chapter{–ü—Ä–∏–º–µ–Ω–µ–Ω–∏–µ –º–µ—Ç–æ–¥
                                            –∞ —Ä–∞—Å—á–µ—Ç–∞ —Ç—Ä–∞–µ–∫—Ç–æ...

You may provide a definition with
\DeclareUnicodeCharacter 


! Package inputenc Error: Unicode character –∞ (U+0430)
(inputenc)                not set up for use with LaTeX.

See the inputenc package documentation for explanation.
Type  H <return>  for immediate help.
 ...                                              
                                                  
l.1 \chapter{–ü—Ä–∏–º–µ–Ω–µ–Ω–∏–µ –º–µ—Ç–æ–¥–∞
                                               —Ä–∞—Å—á–µ—Ç–∞ —Ç—Ä–∞–µ–∫—Ç–æ...

You may provide a definition with
\DeclareUnicodeCharacter 


! Package inputenc Error: Unicode character —Ä (U+0440)
(inputenc)                not set up for use with LaTeX.

See the inputenc package documentation for explanation.
Type  H <return>  for immediate help.
 ...                                              
                                                  
l.1 \chapter{–ü—Ä–∏–º–µ–Ω–µ–Ω–∏–µ –º–µ—Ç–æ–¥–∞ —Ä
                                                 –∞—Å—á–µ—Ç–∞ —Ç—Ä–∞–µ–∫—Ç–æ...

You may provide a definition with
\DeclareUnicodeCharacter 


! Package inputenc Error: Unicode character –∞ (U+0430)
(inputenc)                not set up for use with LaTeX.

See the inputenc package documentation for explanation.
Type  H <return>  for immediate help.
 ...                                              
                                                  
l.1 ...pter{–ü—Ä–∏–º–µ–Ω–µ–Ω–∏–µ –º–µ—Ç–æ–¥–∞ —Ä–∞
                                                  —Å—á–µ—Ç–∞ —Ç—Ä–∞–µ–∫—Ç–æ—...

You may provide a definition with
\DeclareUnicodeCharacter 


! Package inputenc Error: Unicode character —Å (U+0441)
(inputenc)                not set up for use with LaTeX.

See the inputenc package documentation for explanation.
Type  H <return>  for immediate help.
 ...                                              
                                                  
l.1 ...er{–ü—Ä–∏–º–µ–Ω–µ–Ω–∏–µ –º–µ—Ç–æ–¥–∞ —Ä–∞—Å
                                                  —á–µ—Ç–∞ —Ç—Ä–∞–µ–∫—Ç–æ—Ä–...

You may provide a definition with
\DeclareUnicodeCharacter 


! Package inputenc Error: Unicode character —á (U+0447)
(inputenc)                not set up for use with LaTeX.

See the inputenc package documentation for explanation.
Type  H <return>  for immediate help.
 ...                                              
                                                  
l.1 ...{–ü—Ä–∏–º–µ–Ω–µ–Ω–∏–µ –º–µ—Ç–æ–¥–∞ —Ä–∞—Å—á
                                                  –µ—Ç–∞ —Ç—Ä–∞–µ–∫—Ç–æ—Ä–∏–...

You may provide a definition with
\DeclareUnicodeCharacter 


! Package inputenc Error: Unicode character –µ (U+0435)
(inputenc)                not set up for use with LaTeX.

See the inputenc package documentation for explanation.
Type  H <return>  for immediate help.
 ...                                              
                                                  
l.1 ...ü—Ä–∏–º–µ–Ω–µ–Ω–∏–µ –º–µ—Ç–æ–¥–∞ —Ä–∞—Å—á–µ
                                                  —Ç–∞ —Ç—Ä–∞–µ–∫—Ç–æ—Ä–∏–π ...

You may provide a definition with
\DeclareUnicodeCharacter 


! Package inputenc Error: Unicode character —Ç (U+0442)
(inputenc)                not set up for use with LaTeX.

See the inputenc package documentation for explanation.
Type  H <return>  for immediate help.
 ...                                              
                                                  
l.1 ...Ä–∏–º–µ–Ω–µ–Ω–∏–µ –º–µ—Ç–æ–¥–∞ —Ä–∞—Å—á–µ—Ç
                                                  –∞ —Ç—Ä–∞–µ–∫—Ç–æ—Ä–∏–π –¥...

You may provide a definition with
\DeclareUnicodeCharacter 


! Package inputenc Error: Unicode character –∞ (U+0430)
(inputenc)                not set up for use with LaTeX.

See the inputenc package documentation for explanation.
Type  H <return>  for immediate help.
 ...                                              
                                                  
l.1 ...∏–º–µ–Ω–µ–Ω–∏–µ –º–µ—Ç–æ–¥–∞ —Ä–∞—Å—á–µ—Ç–∞
                                                   —Ç—Ä–∞–µ–∫—Ç–æ—Ä–∏–π –¥–≤...

You may provide a definition with
\DeclareUnicodeCharacter 


! Package inputenc Error: Unicode character —Ç (U+0442)
(inputenc)                not set up for use with LaTeX.

See the inputenc package documentation for explanation.
Type  H <return>  for immediate help.
 ...                                              
                                                  
l.1 ...–µ–Ω–µ–Ω–∏–µ –º–µ—Ç–æ–¥–∞ —Ä–∞—Å—á–µ—Ç–∞ —Ç
                                                  —Ä–∞–µ–∫—Ç–æ—Ä–∏–π –¥–≤–∏–...

You may provide a definition with
\DeclareUnicodeCharacter 


! Package inputenc Error: Unicode character —Ä (U+0440)
(inputenc)                not set up for use with LaTeX.

See the inputenc package documentation for explanation.
Type  H <return>  for immediate help.
 ...                                              
                                                  
l.1 ...–Ω–µ–Ω–∏–µ –º–µ—Ç–æ–¥–∞ —Ä–∞—Å—á–µ—Ç–∞ —Ç—Ä
                                                  –∞–µ–∫—Ç–æ—Ä–∏–π –¥–≤–∏–∂–...

You may provide a definition with
\DeclareUnicodeCharacter 


! Package inputenc Error: Unicode character –∞ (U+0430)
(inputenc)                not set up for use with LaTeX.

See the inputenc package documentation for explanation.
Type  H <return>  for immediate help.
 ...                                              
                                                  
l.1 ...–µ–Ω–∏–µ –º–µ—Ç–æ–¥–∞ —Ä–∞—Å—á–µ—Ç–∞ —Ç—Ä–∞
                                                  –µ–∫—Ç–æ—Ä–∏–π –¥–≤–∏–∂–µ–...

You may provide a definition with
\DeclareUnicodeCharacter 


! Package inputenc Error: Unicode character –µ (U+0435)
(inputenc)                not set up for use with LaTeX.

See the inputenc package documentation for explanation.
Type  H <return>  for immediate help.
 ...                                              
                                                  
l.1 ...–Ω–∏–µ –º–µ—Ç–æ–¥–∞ —Ä–∞—Å—á–µ—Ç–∞ —Ç—Ä–∞–µ
                                                  –∫—Ç–æ—Ä–∏–π –¥–≤–∏–∂–µ–Ω–...

You may provide a definition with
\DeclareUnicodeCharacter 


! Package inputenc Error: Unicode character –∫ (U+043A)
(inputenc)                not set up for use with LaTeX.

See the inputenc package documentation for explanation.
Type  H <return>  for immediate help.
 ...                                              
                                                  
l.1 ...–∏–µ –º–µ—Ç–æ–¥–∞ —Ä–∞—Å—á–µ—Ç–∞ —Ç—Ä–∞–µ–∫
                                                  —Ç–æ—Ä–∏–π –¥–≤–∏–∂–µ–Ω–∏—...

You may provide a definition with
\DeclareUnicodeCharacter 


! Package inputenc Error: Unicode character —Ç (U+0442)
(inputenc)                not set up for use with LaTeX.

See the inputenc package documentation for explanation.
Type  H <return>  for immediate help.
 ...                                              
                                                  
l.1 ...–µ –º–µ—Ç–æ–¥–∞ —Ä–∞—Å—á–µ—Ç–∞ —Ç—Ä–∞–µ–∫—Ç
                                                  –æ—Ä–∏–π –¥–≤–∏–∂–µ–Ω–∏—è ...

You may provide a definition with
\DeclareUnicodeCharacter 


! Package inputenc Error: Unicode character –æ (U+043E)
(inputenc)                not set up for use with LaTeX.

See the inputenc package documentation for explanation.
Type  H <return>  for immediate help.
 ...                                              
                                                  
l.1 ... –º–µ—Ç–æ–¥–∞ —Ä–∞—Å—á–µ—Ç–∞ —Ç—Ä–∞–µ–∫—Ç–æ
                                                  —Ä–∏–π –¥–≤–∏–∂–µ–Ω–∏—è –∏...

You may provide a definition with
\DeclareUnicodeCharacter 


! Package inputenc Error: Unicode character —Ä (U+0440)
(inputenc)                not set up for use with LaTeX.

See the inputenc package documentation for explanation.
Type  H <return>  for immediate help.
 ...                                              
                                                  
l.1 ...º–µ—Ç–æ–¥–∞ —Ä–∞—Å—á–µ—Ç–∞ —Ç—Ä–∞–µ–∫—Ç–æ—Ä
                                                  –∏–π –¥–≤–∏–∂–µ–Ω–∏—è –∏–Ω...

You may provide a definition with
\DeclareUnicodeCharacter 


! Package inputenc Error: Unicode character –∏ (U+0438)
(inputenc)                not set up for use with LaTeX.

See the inputenc package documentation for explanation.
Type  H <return>  for immediate help.
 ...                                              
                                                  
l.1 ...µ—Ç–æ–¥–∞ —Ä–∞—Å—á–µ—Ç–∞ —Ç—Ä–∞–µ–∫—Ç–æ—Ä–∏
                                                  –π –¥–≤–∏–∂–µ–Ω–∏—è –∏–Ω–¥...

You may provide a definition with
\DeclareUnicodeCharacter 


! Package inputenc Error: Unicode character –π (U+0439)
(inputenc)                not set up for use with LaTeX.

See the inputenc package documentation for explanation.
Type  H <return>  for immediate help.
 ...                                              
                                                  
l.1 ...Ç–æ–¥–∞ —Ä–∞—Å—á–µ—Ç–∞ —Ç—Ä–∞–µ–∫—Ç–æ—Ä–∏–π
                                                   –¥–≤–∏–∂–µ–Ω–∏—è –∏–Ω–¥–∏...

You may provide a definition with
\DeclareUnicodeCharacter 


! Package inputenc Error: Unicode character –¥ (U+0434)
(inputenc)                not set up for use with LaTeX.

See the inputenc package documentation for explanation.
Type  H <return>  for immediate help.
 ...                                              
                                                  
l.1 ...–¥–∞ —Ä–∞—Å—á–µ—Ç–∞ —Ç—Ä–∞–µ–∫—Ç–æ—Ä–∏–π –¥
                                                  –≤–∏–∂–µ–Ω–∏—è –∏–Ω–¥–∏–≤–...

You may provide a definition with
\DeclareUnicodeCharacter 


! Package inputenc Error: Unicode character –≤ (U+0432)
(inputenc)                not set up for use with LaTeX.

See the inputenc package documentation for explanation.
Type  H <return>  for immediate help.
 ...                                              
                                                  
l.1 ...–∞ —Ä–∞—Å—á–µ—Ç–∞ —Ç—Ä–∞–µ–∫—Ç–æ—Ä–∏–π –¥–≤
                                                  –∏–∂–µ–Ω–∏—è –∏–Ω–¥–∏–≤–∏–...

You may provide a definition with
\DeclareUnicodeCharacter 


! Package inputenc Error: Unicode character –∏ (U+0438)
(inputenc)                not set up for use with LaTeX.

See the inputenc package documentation for explanation.
Type  H <return>  for immediate help.
 ...                                              
                                                  
l.1 ... —Ä–∞—Å—á–µ—Ç–∞ —Ç—Ä–∞–µ–∫—Ç–æ—Ä–∏–π –¥–≤–∏
                                                  –∂–µ–Ω–∏—è –∏–Ω–¥–∏–≤–∏–¥—...

You may provide a definition with
\DeclareUnicodeCharacter 


! Package inputenc Error: Unicode character –∂ (U+0436)
(inputenc)                not set up for use with LaTeX.

See the inputenc package documentation for explanation.
Type  H <return>  for immediate help.
 ...                                              
                                                  
l.1 ...Ä–∞—Å—á–µ—Ç–∞ —Ç—Ä–∞–µ–∫—Ç–æ—Ä–∏–π –¥–≤–∏–∂
                                                  –µ–Ω–∏—è –∏–Ω–¥–∏–≤–∏–¥—É–...

You may provide a definition with
\DeclareUnicodeCharacter 


! Package inputenc Error: Unicode character –µ (U+0435)
(inputenc)                not set up for use with LaTeX.

See the inputenc package documentation for explanation.
Type  H <return>  for immediate help.
 ...                                              
                                                  
l.1 ...∞—Å—á–µ—Ç–∞ —Ç—Ä–∞–µ–∫—Ç–æ—Ä–∏–π –¥–≤–∏–∂–µ
                                                  –Ω–∏—è –∏–Ω–¥–∏–≤–∏–¥—É–∞–...

You may provide a definition with
\DeclareUnicodeCharacter 


! Package inputenc Error: Unicode character –Ω (U+043D)
(inputenc)                not set up for use with LaTeX.

See the inputenc package documentation for explanation.
Type  H <return>  for immediate help.
 ...                                              
                                                  
l.1 ...Å—á–µ—Ç–∞ —Ç—Ä–∞–µ–∫—Ç–æ—Ä–∏–π –¥–≤–∏–∂–µ–Ω
                                                  –∏—è –∏–Ω–¥–∏–≤–∏–¥—É–∞–ª—...

You may provide a definition with
\DeclareUnicodeCharacter 


! Package inputenc Error: Unicode character –∏ (U+0438)
(inputenc)                not set up for use with LaTeX.

See the inputenc package documentation for explanation.
Type  H <return>  for immediate help.
 ...                                              
                                                  
l.1 ...á–µ—Ç–∞ —Ç—Ä–∞–µ–∫—Ç–æ—Ä–∏–π –¥–≤–∏–∂–µ–Ω–∏
                                                  —è –∏–Ω–¥–∏–≤–∏–¥—É–∞–ª—å–...

You may provide a definition with
\DeclareUnicodeCharacter 


! Package inputenc Error: Unicode character —è (U+044F)
(inputenc)                not set up for use with LaTeX.

See the inputenc package documentation for explanation.
Type  H <return>  for immediate help.
 ...                                              
                                                  
l.1 ...µ—Ç–∞ —Ç—Ä–∞–µ–∫—Ç–æ—Ä–∏–π –¥–≤–∏–∂–µ–Ω–∏—è
                                                   –∏–Ω–¥–∏–≤–∏–¥—É–∞–ª—å–Ω—...

You may provide a definition with
\DeclareUnicodeCharacter 


! Package inputenc Error: Unicode character –∏ (U+0438)
(inputenc)                not set up for use with LaTeX.

See the inputenc package documentation for explanation.
Type  H <return>  for immediate help.
 ...                                              
                                                  
l.1 ...–∞ —Ç—Ä–∞–µ–∫—Ç–æ—Ä–∏–π –¥–≤–∏–∂–µ–Ω–∏—è –∏
                                                  –Ω–¥–∏–≤–∏–¥—É–∞–ª—å–Ω—ã—Ö...

You may provide a definition with
\DeclareUnicodeCharacter 


! Package inputenc Error: Unicode character –Ω (U+043D)
(inputenc)                not set up for use with LaTeX.

See the inputenc package documentation for explanation.
Type  H <return>  for immediate help.
 ...                                              
                                                  
l.1 ... —Ç—Ä–∞–µ–∫—Ç–æ—Ä–∏–π –¥–≤–∏–∂–µ–Ω–∏—è –∏–Ω
                                                  –¥–∏–≤–∏–¥—É–∞–ª—å–Ω—ã—Ö –...

You may provide a definition with
\DeclareUnicodeCharacter 


! Package inputenc Error: Unicode character –¥ (U+0434)
(inputenc)                not set up for use with LaTeX.

See the inputenc package documentation for explanation.
Type  H <return>  for immediate help.
 ...                                              
                                                  
l.1 ...Ç—Ä–∞–µ–∫—Ç–æ—Ä–∏–π –¥–≤–∏–∂–µ–Ω–∏—è –∏–Ω–¥
                                                  –∏–≤–∏–¥—É–∞–ª—å–Ω—ã—Ö –∂–...

You may provide a definition with
\DeclareUnicodeCharacter 


! Package inputenc Error: Unicode character –∏ (U+0438)
(inputenc)                not set up for use with LaTeX.

See the inputenc package documentation for explanation.
Type  H <return>  for immediate help.
 ...                                              
                                                  
l.1 ...Ä–∞–µ–∫—Ç–æ—Ä–∏–π –¥–≤–∏–∂–µ–Ω–∏—è –∏–Ω–¥–∏
                                                  –≤–∏–¥—É–∞–ª—å–Ω—ã—Ö –∂–∏–...

You may provide a definition with
\DeclareUnicodeCharacter 


! Package inputenc Error: Unicode character –≤ (U+0432)
(inputenc)                not set up for use with LaTeX.

See the inputenc package documentation for explanation.
Type  H <return>  for immediate help.
 ...                                              
                                                  
l.1 ...∞–µ–∫—Ç–æ—Ä–∏–π –¥–≤–∏–∂–µ–Ω–∏—è –∏–Ω–¥–∏–≤
                                                  –∏–¥—É–∞–ª—å–Ω—ã—Ö –∂–∏–¥–...

You may provide a definition with
\DeclareUnicodeCharacter 


! Package inputenc Error: Unicode character –∏ (U+0438)
(inputenc)                not set up for use with LaTeX.

See the inputenc package documentation for explanation.
Type  H <return>  for immediate help.
 ...                                              
                                                  
l.1 ...µ–∫—Ç–æ—Ä–∏–π –¥–≤–∏–∂–µ–Ω–∏—è –∏–Ω–¥–∏–≤–∏
                                                  –¥—É–∞–ª—å–Ω—ã—Ö –∂–∏–¥–∫–...

You may provide a definition with
\DeclareUnicodeCharacter 


! Package inputenc Error: Unicode character –¥ (U+0434)
(inputenc)                not set up for use with LaTeX.

See the inputenc package documentation for explanation.
Type  H <return>  for immediate help.
 ...                                              
                                                  
l.1 ...∫—Ç–æ—Ä–∏–π –¥–≤–∏–∂–µ–Ω–∏—è –∏–Ω–¥–∏–≤–∏–¥
                                                  —É–∞–ª—å–Ω—ã—Ö –∂–∏–¥–∫–∏—...

You may provide a definition with
\DeclareUnicodeCharacter 


! Package inputenc Error: Unicode character —É (U+0443)
(inputenc)                not set up for use with LaTeX.

See the inputenc package documentation for explanation.
Type  H <return>  for immediate help.
 ...                                              
                                                  
l.1 ...Ç–æ—Ä–∏–π –¥–≤–∏–∂–µ–Ω–∏—è –∏–Ω–¥–∏–≤–∏–¥—É
                                                  –∞–ª—å–Ω—ã—Ö –∂–∏–¥–∫–∏—Ö ...

You may provide a definition with
\DeclareUnicodeCharacter 


! Package inputenc Error: Unicode character –∞ (U+0430)
(inputenc)                not set up for use with LaTeX.

See the inputenc package documentation for explanation.
Type  H <return>  for immediate help.
 ...                                              
                                                  
l.1 ...æ—Ä–∏–π –¥–≤–∏–∂–µ–Ω–∏—è –∏–Ω–¥–∏–≤–∏–¥—É–∞
                                                  –ª—å–Ω—ã—Ö –∂–∏–¥–∫–∏—Ö —á...

You may provide a definition with
\DeclareUnicodeCharacter 


! Package inputenc Error: Unicode character –ª (U+043B)
(inputenc)                not set up for use with LaTeX.

See the inputenc package documentation for explanation.
Type  H <return>  for immediate help.
 ...                                              
                                                  
l.1 ...Ä–∏–π –¥–≤–∏–∂–µ–Ω–∏—è –∏–Ω–¥–∏–≤–∏–¥—É–∞–ª
                                                  —å–Ω—ã—Ö –∂–∏–¥–∫–∏—Ö —á–∞...

You may provide a definition with
\DeclareUnicodeCharacter 


! Package inputenc Error: Unicode character —å (U+044C)
(inputenc)                not set up for use with LaTeX.

See the inputenc package documentation for explanation.
Type  H <return>  for immediate help.
 ...                                              
                                                  
l.1 ...∏–π –¥–≤–∏–∂–µ–Ω–∏—è –∏–Ω–¥–∏–≤–∏–¥—É–∞–ª—å
                                                  –Ω—ã—Ö –∂–∏–¥–∫–∏—Ö —á–∞—Å...

You may provide a definition with
\DeclareUnicodeCharacter 


! Package inputenc Error: Unicode character –Ω (U+043D)
(inputenc)                not set up for use with LaTeX.

See the inputenc package documentation for explanation.
Type  H <return>  for immediate help.
 ...                                              
                                                  
l.1 ...π –¥–≤–∏–∂–µ–Ω–∏—è –∏–Ω–¥–∏–≤–∏–¥—É–∞–ª—å–Ω
                                                  —ã—Ö –∂–∏–¥–∫–∏—Ö —á–∞—Å—Ç...

You may provide a definition with
\DeclareUnicodeCharacter 


! Package inputenc Error: Unicode character —ã (U+044B)
(inputenc)                not set up for use with LaTeX.

See the inputenc package documentation for explanation.
Type  H <return>  for immediate help.
 ...                                              
                                                  
l.1 ...–¥–≤–∏–∂–µ–Ω–∏—è –∏–Ω–¥–∏–≤–∏–¥—É–∞–ª—å–Ω—ã
                                                  —Ö –∂–∏–¥–∫–∏—Ö —á–∞—Å—Ç–∏...

You may provide a definition with
\DeclareUnicodeCharacter 


! Package inputenc Error: Unicode character —Ö (U+0445)
(inputenc)                not set up for use with LaTeX.

See the inputenc package documentation for explanation.
Type  H <return>  for immediate help.
 ...                                              
                                                  
l.1 ...–≤–∏–∂–µ–Ω–∏—è –∏–Ω–¥–∏–≤–∏–¥—É–∞–ª—å–Ω—ã—Ö
                                                   –∂–∏–¥–∫–∏—Ö —á–∞—Å—Ç–∏—á...

You may provide a definition with
\DeclareUnicodeCharacter 


! Package inputenc Error: Unicode character –∂ (U+0436)
(inputenc)                not set up for use with LaTeX.

See the inputenc package documentation for explanation.
Type  H <return>  for immediate help.
 ...                                              
                                                  
l.1 ...∏–∂–µ–Ω–∏—è –∏–Ω–¥–∏–≤–∏–¥—É–∞–ª—å–Ω—ã—Ö –∂
                                                  –∏–¥–∫–∏—Ö —á–∞—Å—Ç–∏—á–µ–...

You may provide a definition with
\DeclareUnicodeCharacter 


! Package inputenc Error: Unicode character –∏ (U+0438)
(inputenc)                not set up for use with LaTeX.

See the inputenc package documentation for explanation.
Type  H <return>  for immediate help.
 ...                                              
                                                  
l.1 ...∂–µ–Ω–∏—è –∏–Ω–¥–∏–≤–∏–¥—É–∞–ª—å–Ω—ã—Ö –∂–∏
                                                  –¥–∫–∏—Ö —á–∞—Å—Ç–∏—á–µ–∫}...

You may provide a definition with
\DeclareUnicodeCharacter 


! Package inputenc Error: Unicode character –¥ (U+0434)
(inputenc)                not set up for use with LaTeX.

See the inputenc package documentation for explanation.
Type  H <return>  for immediate help.
 ...                                              
                                                  
l.1 ...µ–Ω–∏—è –∏–Ω–¥–∏–≤–∏–¥—É–∞–ª—å–Ω—ã—Ö –∂–∏–¥
                                                  –∫–∏—Ö —á–∞—Å—Ç–∏—á–µ–∫} \...

You may provide a definition with
\DeclareUnicodeCharacter 


! Package inputenc Error: Unicode character –∫ (U+043A)
(inputenc)                not set up for use with LaTeX.

See the inputenc package documentation for explanation.
Type  H <return>  for immediate help.
 ...                                              
                                                  
l.1 ...Ω–∏—è –∏–Ω–¥–∏–≤–∏–¥—É–∞–ª—å–Ω—ã—Ö –∂–∏–¥–∫
                                                  –∏—Ö —á–∞—Å—Ç–∏—á–µ–∫} \la...

You may provide a definition with
\DeclareUnicodeCharacter 


! Package inputenc Error: Unicode character –∏ (U+0438)
(inputenc)                not set up for use with LaTeX.

See the inputenc package documentation for explanation.
Type  H <return>  for immediate help.
 ...                                              
                                                  
l.1 ...∏—è –∏–Ω–¥–∏–≤–∏–¥—É–∞–ª—å–Ω—ã—Ö –∂–∏–¥–∫–∏
                                                  —Ö —á–∞—Å—Ç–∏—á–µ–∫} \labe...

You may provide a definition with
\DeclareUnicodeCharacter 


! Package inputenc Error: Unicode character —Ö (U+0445)
(inputenc)                not set up for use with LaTeX.

See the inputenc package documentation for explanation.
Type  H <return>  for immediate help.
 ...                                              
                                                  
l.1 ...è –∏–Ω–¥–∏–≤–∏–¥—É–∞–ª—å–Ω—ã—Ö –∂–∏–¥–∫–∏—Ö
                                                   —á–∞—Å—Ç–∏—á–µ–∫} \label{...

You may provide a definition with
\DeclareUnicodeCharacter 


! Package inputenc Error: Unicode character —á (U+0447)
(inputenc)                not set up for use with LaTeX.

See the inputenc package documentation for explanation.
Type  H <return>  for immediate help.
 ...                                              
                                                  
l.1 ...∏–Ω–¥–∏–≤–∏–¥—É–∞–ª—å–Ω—ã—Ö –∂–∏–¥–∫–∏—Ö —á
                                                  –∞—Å—Ç–∏—á–µ–∫} \label{ch:...

You may provide a definition with
\DeclareUnicodeCharacter 


! Package inputenc Error: Unicode character –∞ (U+0430)
(inputenc)                not set up for use with LaTeX.

See the inputenc package documentation for explanation.
Type  H <return>  for immediate help.
 ...                                              
                                                  
l.1 ...Ω–¥–∏–≤–∏–¥—É–∞–ª—å–Ω—ã—Ö –∂–∏–¥–∫–∏—Ö —á–∞
                                                  —Å—Ç–∏—á–µ–∫} \label{ch:ch3}
You may provide a definition with
\DeclareUnicodeCharacter 


! Package inputenc Error: Unicode character —Å (U+0441)
(inputenc)                not set up for use with LaTeX.

See the inputenc package documentation for explanation.
Type  H <return>  for immediate help.
 ...                                              
                                                  
l.1 ...¥–∏–≤–∏–¥—É–∞–ª—å–Ω—ã—Ö –∂–∏–¥–∫–∏—Ö —á–∞—Å
                                                  —Ç–∏—á–µ–∫} \label{ch:ch3}
You may provide a definition with
\DeclareUnicodeCharacter 


! Package inputenc Error: Unicode character —Ç (U+0442)
(inputenc)                not set up for use with LaTeX.

See the inputenc package documentation for explanation.
Type  H <return>  for immediate help.
 ...                                              
                                                  
l.1 ...∏–≤–∏–¥—É–∞–ª—å–Ω—ã—Ö –∂–∏–¥–∫–∏—Ö —á–∞—Å—Ç
                                                  –∏—á–µ–∫} \label{ch:ch3}
You may provide a definition with
\DeclareUnicodeCharacter 


! Package inputenc Error: Unicode character –∏ (U+0438)
(inputenc)                not set up for use with LaTeX.

See the inputenc package documentation for explanation.
Type  H <return>  for immediate help.
 ...                                              
                                                  
l.1 ...≤–∏–¥—É–∞–ª—å–Ω—ã—Ö –∂–∏–¥–∫–∏—Ö —á–∞—Å—Ç–∏
                                                  —á–µ–∫} \label{ch:ch3}
You may provide a definition with
\DeclareUnicodeCharacter 


! Package inputenc Error: Unicode character —á (U+0447)
(inputenc)                not set up for use with LaTeX.

See the inputenc package documentation for explanation.
Type  H <return>  for immediate help.
 ...                                              
                                                  
l.1 ...∏–¥—É–∞–ª—å–Ω—ã—Ö –∂–∏–¥–∫–∏—Ö —á–∞—Å—Ç–∏—á
                                                  –µ–∫} \label{ch:ch3}
You may provide a definition with
\DeclareUnicodeCharacter 


! Package inputenc Error: Unicode character –µ (U+0435)
(inputenc)                not set up for use with LaTeX.

See the inputenc package documentation for explanation.
Type  H <return>  for immediate help.
 ...                                              
                                                  
l.1 ...¥—É–∞–ª—å–Ω—ã—Ö –∂–∏–¥–∫–∏—Ö —á–∞—Å—Ç–∏—á–µ
                                                  –∫} \label{ch:ch3}
You may provide a definition with
\DeclareUnicodeCharacter 


! Package inputenc Error: Unicode character –∫ (U+043A)
(inputenc)                not set up for use with LaTeX.

See the inputenc package documentation for explanation.
Type  H <return>  for immediate help.
 ...                                              
                                                  
l.1 ...É–∞–ª—å–Ω—ã—Ö –∂–∏–¥–∫–∏—Ö —á–∞—Å—Ç–∏—á–µ–∫
                                                  } \label{ch:ch3}
You may provide a definition with
\DeclareUnicodeCharacter 

! Undefined control sequence.
l.3 \section
            {–í–≤–µ–¥–µ–Ω–∏–µ} \label{sec:ch3/sec1}
The control sequence at the end of the top line
of your error message was never \def'ed. If you have
misspelled it (e.g., `\hobx'), type `I' and the correct
spelling (e.g., `I\hbox'). Otherwise just continue,
and I'll forget about whatever was undefined.


! Package inputenc Error: Unicode character –í (U+0412)
(inputenc)                not set up for use with LaTeX.

See the inputenc package documentation for explanation.
Type  H <return>  for immediate help.
 ...                                              
                                                  
l.3 \section{–í
               –≤–µ–¥–µ–Ω–∏–µ} \label{sec:ch3/sec1}
You may provide a definition with
\DeclareUnicodeCharacter 


! Package inputenc Error: Unicode character –≤ (U+0432)
(inputenc)                not set up for use with LaTeX.

See the inputenc package documentation for explanation.
Type  H <return>  for immediate help.
 ...                                              
                                                  
l.3 \section{–í–≤
                 –µ–¥–µ–Ω–∏–µ} \label{sec:ch3/sec1}
You may provide a definition with
\DeclareUnicodeCharacter 


! Package inputenc Error: Unicode character –µ (U+0435)
(inputenc)                not set up for use with LaTeX.

See the inputenc package documentation for explanation.
Type  H <return>  for immediate help.
 ...                                              
                                                  
l.3 \section{–í–≤–µ
                   –¥–µ–Ω–∏–µ} \label{sec:ch3/sec1}
You may provide a definition with
\DeclareUnicodeCharacter 


! Package inputenc Error: Unicode character –¥ (U+0434)
(inputenc)                not set up for use with LaTeX.

See the inputenc package documentation for explanation.
Type  H <return>  for immediate help.
 ...                                              
                                                  
l.3 \section{–í–≤–µ–¥
                     –µ–Ω–∏–µ} \label{sec:ch3/sec1}
You may provide a definition with
\DeclareUnicodeCharacter 


! Package inputenc Error: Unicode character –µ (U+0435)
(inputenc)                not set up for use with LaTeX.

See the inputenc package documentation for explanation.
Type  H <return>  for immediate help.
 ...                                              
                                                  
l.3 \section{–í–≤–µ–¥–µ
                       –Ω–∏–µ} \label{sec:ch3/sec1}
You may provide a definition with
\DeclareUnicodeCharacter 


! Package inputenc Error: Unicode character –Ω (U+043D)
(inputenc)                not set up for use with LaTeX.

See the inputenc package documentation for explanation.
Type  H <return>  for immediate help.
 ...                                              
                                                  
l.3 \section{–í–≤–µ–¥–µ–Ω
                         –∏–µ} \label{sec:ch3/sec1}
You may provide a definition with
\DeclareUnicodeCharacter 


! Package inputenc Error: Unicode character –∏ (U+0438)
(inputenc)                not set up for use with LaTeX.

See the inputenc package documentation for explanation.
Type  H <return>  for immediate help.
 ...                                              
                                                  
l.3 \section{–í–≤–µ–¥–µ–Ω–∏
                           –µ} \label{sec:ch3/sec1}
You may provide a definition with
\DeclareUnicodeCharacter 


! Package inputenc Error: Unicode character –µ (U+0435)
(inputenc)                not set up for use with LaTeX.

See the inputenc package documentation for explanation.
Type  H <return>  for immediate help.
 ...                                              
                                                  
l.3 \section{–í–≤–µ–¥–µ–Ω–∏–µ
                             } \label{sec:ch3/sec1}
You may provide a definition with
\DeclareUnicodeCharacter 


! Package inputenc Error: Unicode character –í (U+0412)
(inputenc)                not set up for use with LaTeX.

See the inputenc package documentation for explanation.
Type  H <return>  for immediate help.
 ...                                              
                                                  
l.5 –í
       –Ω–∞—Å—Ç–æ—è—â–µ–π –≥–ª–∞–≤–µ –±—É–¥–µ—Ç —Ä–∞—Å—Å–º–æ—Ç—Ä–µ–Ω–æ –ø—Ä–...

You may provide a definition with
\DeclareUnicodeCharacter 


! Package inputenc Error: Unicode character –Ω (U+043D)
(inputenc)                not set up for use with LaTeX.

See the inputenc package documentation for explanation.
Type  H <return>  for immediate help.
 ...                                              
                                                  
l.5 –í –Ω
         –∞—Å—Ç–æ—è—â–µ–π –≥–ª–∞–≤–µ –±—É–¥–µ—Ç —Ä–∞—Å—Å–º–æ—Ç—Ä–µ–Ω–æ –ø—Ä–...

You may provide a definition with
\DeclareUnicodeCharacter 


! Package inputenc Error: Unicode character –∞ (U+0430)
(inputenc)                not set up for use with LaTeX.

See the inputenc package documentation for explanation.
Type  H <return>  for immediate help.
 ...                                              
                                                  
l.5 –í –Ω–∞
           —Å—Ç–æ—è—â–µ–π –≥–ª–∞–≤–µ –±—É–¥–µ—Ç —Ä–∞—Å—Å–º–æ—Ç—Ä–µ–Ω–æ –ø—Ä–...

You may provide a definition with
\DeclareUnicodeCharacter 


! Package inputenc Error: Unicode character —Å (U+0441)
(inputenc)                not set up for use with LaTeX.

See the inputenc package documentation for explanation.
Type  H <return>  for immediate help.
 ...                                              
                                                  
l.5 –í –Ω–∞—Å
             —Ç–æ—è—â–µ–π –≥–ª–∞–≤–µ –±—É–¥–µ—Ç —Ä–∞—Å—Å–º–æ—Ç—Ä–µ–Ω–æ –ø—Ä–...

You may provide a definition with
\DeclareUnicodeCharacter 


! Package inputenc Error: Unicode character —Ç (U+0442)
(inputenc)                not set up for use with LaTeX.

See the inputenc package documentation for explanation.
Type  H <return>  for immediate help.
 ...                                              
                                                  
l.5 –í –Ω–∞—Å—Ç
               –æ—è—â–µ–π –≥–ª–∞–≤–µ –±—É–¥–µ—Ç —Ä–∞—Å—Å–º–æ—Ç—Ä–µ–Ω–æ –ø—Ä–...

You may provide a definition with
\DeclareUnicodeCharacter 


! Package inputenc Error: Unicode character –æ (U+043E)
(inputenc)                not set up for use with LaTeX.

See the inputenc package documentation for explanation.
Type  H <return>  for immediate help.
 ...                                              
                                                  
l.5 –í –Ω–∞—Å—Ç–æ
                 —è—â–µ–π –≥–ª–∞–≤–µ –±—É–¥–µ—Ç —Ä–∞—Å—Å–º–æ—Ç—Ä–µ–Ω–æ –ø—Ä–...

You may provide a definition with
\DeclareUnicodeCharacter 


! Package inputenc Error: Unicode character —è (U+044F)
(inputenc)                not set up for use with LaTeX.

See the inputenc package documentation for explanation.
Type  H <return>  for immediate help.
 ...                                              
                                                  
l.5 –í –Ω–∞—Å—Ç–æ—è
                   —â–µ–π –≥–ª–∞–≤–µ –±—É–¥–µ—Ç —Ä–∞—Å—Å–º–æ—Ç—Ä–µ–Ω–æ –ø—Ä–...

You may provide a definition with
\DeclareUnicodeCharacter 


! Package inputenc Error: Unicode character —â (U+0449)
(inputenc)                not set up for use with LaTeX.

See the inputenc package documentation for explanation.
Type  H <return>  for immediate help.
 ...                                              
                                                  
l.5 –í –Ω–∞—Å—Ç–æ—è—â
                     –µ–π –≥–ª–∞–≤–µ –±—É–¥–µ—Ç —Ä–∞—Å—Å–º–æ—Ç—Ä–µ–Ω–æ –ø—Ä–...

You may provide a definition with
\DeclareUnicodeCharacter 


! Package inputenc Error: Unicode character –µ (U+0435)
(inputenc)                not set up for use with LaTeX.

See the inputenc package documentation for explanation.
Type  H <return>  for immediate help.
 ...                                              
                                                  
l.5 –í –Ω–∞—Å—Ç–æ—è—â–µ
                       –π –≥–ª–∞–≤–µ –±—É–¥–µ—Ç —Ä–∞—Å—Å–º–æ—Ç—Ä–µ–Ω–æ –ø—Ä–...

You may provide a definition with
\DeclareUnicodeCharacter 


! Package inputenc Error: Unicode character –π (U+0439)
(inputenc)                not set up for use with LaTeX.

See the inputenc package documentation for explanation.
Type  H <return>  for immediate help.
 ...                                              
                                                  
l.5 –í –Ω–∞—Å—Ç–æ—è—â–µ–π
                          –≥–ª–∞–≤–µ –±—É–¥–µ—Ç —Ä–∞—Å—Å–º–æ—Ç—Ä–µ–Ω–æ –ø—Ä–...

You may provide a definition with
\DeclareUnicodeCharacter 


! Package inputenc Error: Unicode character –≥ (U+0433)
(inputenc)                not set up for use with LaTeX.

See the inputenc package documentation for explanation.
Type  H <return>  for immediate help.
 ...                                              
                                                  
l.5 –í –Ω–∞—Å—Ç–æ—è—â–µ–π –≥
                            –ª–∞–≤–µ –±—É–¥–µ—Ç —Ä–∞—Å—Å–º–æ—Ç—Ä–µ–Ω–æ –ø—Ä–...

You may provide a definition with
\DeclareUnicodeCharacter 


! Package inputenc Error: Unicode character –ª (U+043B)
(inputenc)                not set up for use with LaTeX.

See the inputenc package documentation for explanation.
Type  H <return>  for immediate help.
 ...                                              
                                                  
l.5 –í –Ω–∞—Å—Ç–æ—è—â–µ–π –≥–ª
                              –∞–≤–µ –±—É–¥–µ—Ç —Ä–∞—Å—Å–º–æ—Ç—Ä–µ–Ω–æ –ø—Ä–...

You may provide a definition with
\DeclareUnicodeCharacter 


! Package inputenc Error: Unicode character –∞ (U+0430)
(inputenc)                not set up for use with LaTeX.

See the inputenc package documentation for explanation.
Type  H <return>  for immediate help.
 ...                                              
                                                  
l.5 –í –Ω–∞—Å—Ç–æ—è—â–µ–π –≥–ª–∞
                                –≤–µ –±—É–¥–µ—Ç —Ä–∞—Å—Å–º–æ—Ç—Ä–µ–Ω–æ –ø—Ä–...

You may provide a definition with
\DeclareUnicodeCharacter 


! Package inputenc Error: Unicode character –≤ (U+0432)
(inputenc)                not set up for use with LaTeX.

See the inputenc package documentation for explanation.
Type  H <return>  for immediate help.
 ...                                              
                                                  
l.5 –í –Ω–∞—Å—Ç–æ—è—â–µ–π –≥–ª–∞–≤
                                  –µ –±—É–¥–µ—Ç —Ä–∞—Å—Å–º–æ—Ç—Ä–µ–Ω–æ –ø—Ä–...

You may provide a definition with
\DeclareUnicodeCharacter 


! Package inputenc Error: Unicode character –µ (U+0435)
(inputenc)                not set up for use with LaTeX.

See the inputenc package documentation for explanation.
Type  H <return>  for immediate help.
 ...                                              
                                                  
l.5 –í –Ω–∞—Å—Ç–æ—è—â–µ–π –≥–ª–∞–≤–µ
                                     –±—É–¥–µ—Ç —Ä–∞—Å—Å–º–æ—Ç—Ä–µ–Ω–æ –ø—Ä–...

You may provide a definition with
\DeclareUnicodeCharacter 


! Package inputenc Error: Unicode character –± (U+0431)
(inputenc)                not set up for use with LaTeX.

See the inputenc package documentation for explanation.
Type  H <return>  for immediate help.
 ...                                              
                                                  
l.5 –í –Ω–∞—Å—Ç–æ—è—â–µ–π –≥–ª–∞–≤–µ –±
                                       —É–¥–µ—Ç —Ä–∞—Å—Å–º–æ—Ç—Ä–µ–Ω–æ –ø—Ä–...

You may provide a definition with
\DeclareUnicodeCharacter 


! Package inputenc Error: Unicode character —É (U+0443)
(inputenc)                not set up for use with LaTeX.

See the inputenc package documentation for explanation.
Type  H <return>  for immediate help.
 ...                                              
                                                  
l.5 –í –Ω–∞—Å—Ç–æ—è—â–µ–π –≥–ª–∞–≤–µ –±—É
                                         –¥–µ—Ç —Ä–∞—Å—Å–º–æ—Ç—Ä–µ–Ω–æ –ø—Ä–...

You may provide a definition with
\DeclareUnicodeCharacter 


! Package inputenc Error: Unicode character –¥ (U+0434)
(inputenc)                not set up for use with LaTeX.

See the inputenc package documentation for explanation.
Type  H <return>  for immediate help.
 ...                                              
                                                  
l.5 –í –Ω–∞—Å—Ç–æ—è—â–µ–π –≥–ª–∞–≤–µ –±—É–¥
                                           –µ—Ç —Ä–∞—Å—Å–º–æ—Ç—Ä–µ–Ω–æ –ø—Ä–...

You may provide a definition with
\DeclareUnicodeCharacter 


! Package inputenc Error: Unicode character –µ (U+0435)
(inputenc)                not set up for use with LaTeX.

See the inputenc package documentation for explanation.
Type  H <return>  for immediate help.
 ...                                              
                                                  
l.5 –í –Ω–∞—Å—Ç–æ—è—â–µ–π –≥–ª–∞–≤–µ –±—É–¥–µ
                                             —Ç —Ä–∞—Å—Å–º–æ—Ç—Ä–µ–Ω–æ –ø—Ä–...

You may provide a definition with
\DeclareUnicodeCharacter 


! Package inputenc Error: Unicode character —Ç (U+0442)
(inputenc)                not set up for use with LaTeX.

See the inputenc package documentation for explanation.
Type  H <return>  for immediate help.
 ...                                              
                                                  
l.5 –í –Ω–∞—Å—Ç–æ—è—â–µ–π –≥–ª–∞–≤–µ –±—É–¥–µ—Ç
                                                —Ä–∞—Å—Å–º–æ—Ç—Ä–µ–Ω–æ –ø—Ä–...

You may provide a definition with
\DeclareUnicodeCharacter 


! Package inputenc Error: Unicode character —Ä (U+0440)
(inputenc)                not set up for use with LaTeX.

See the inputenc package documentation for explanation.
Type  H <return>  for immediate help.
 ...                                              
                                                  
l.5 –í –Ω–∞—Å—Ç–æ—è—â–µ–π –≥–ª–∞–≤–µ –±—É–¥–µ—Ç —Ä
                                                  –∞—Å—Å–º–æ—Ç—Ä–µ–Ω–æ –ø—Ä–...
(That makes 100 errors; please try again.) 
Here is how much of TeX's memory you used:
 34 strings out of 494531
 533 string characters out of 3171395
 53572 words of memory out of 3000000
 3829 multiletter control sequences out of 15000+200000
 3640 words of font info for 14 fonts, out of 3000000 for 9000
 198 hyphenation exceptions out of 8191
 10i,0n,10p,1694b,38s stack positions out of 5000i,500n,10000p,200000b,50000s

!  ==> Fatal error occurred, no output PDF file produced!
